[2025-02-10 12:36:34] [ERROR] Route not found {"file":"C:\\laragon\\www\\phoenix\\app\\Core\\Router.php","line":89,"trace":"#0 C:\\laragon\\www\\phoenix\\public\\index.php(31): App\\Core\\Router->dispatch()\n#1 {main}"}
[2025-02-10 12:36:58] [ERROR] Route not found {"file":"C:\\laragon\\www\\phoenix\\app\\Core\\Router.php","line":89,"trace":"#0 C:\\laragon\\www\\phoenix\\public\\index.php(31): App\\Core\\Router->dispatch()\n#1 {main}"}
[2025-02-10 12:36:59] [ERROR] Route not found {"file":"C:\\laragon\\www\\phoenix\\app\\Core\\Router.php","line":89,"trace":"#0 C:\\laragon\\www\\phoenix\\public\\index.php(31): App\\Core\\Router->dispatch()\n#1 {main}"}
[2025-02-10 12:36:59] [ERROR] Route not found {"file":"C:\\laragon\\www\\phoenix\\app\\Core\\Router.php","line":89,"trace":"#0 C:\\laragon\\www\\phoenix\\public\\index.php(31): App\\Core\\Router->dispatch()\n#1 {main}"}
[2025-02-10 12:36:59] [ERROR] Route not found {"file":"C:\\laragon\\www\\phoenix\\app\\Core\\Router.php","line":89,"trace":"#0 C:\\laragon\\www\\phoenix\\public\\index.php(31): App\\Core\\Router->dispatch()\n#1 {main}"}
[2025-02-10 12:39:19] [ERROR] Route not found {"file":"C:\\laragon\\www\\phoenix\\app\\Core\\Router.php","line":89,"trace":"#0 C:\\laragon\\www\\phoenix\\public\\index.php(31): App\\Core\\Router->dispatch()\n#1 {main}"}
[2025-02-10 12:39:19] [ERROR] Route not found {"file":"C:\\laragon\\www\\phoenix\\app\\Core\\Router.php","line":89,"trace":"#0 C:\\laragon\\www\\phoenix\\public\\index.php(31): App\\Core\\Router->dispatch()\n#1 {main}"}
[2025-02-10 12:39:19] [ERROR] Route not found {"file":"C:\\laragon\\www\\phoenix\\app\\Core\\Router.php","line":89,"trace":"#0 C:\\laragon\\www\\phoenix\\public\\index.php(31): App\\Core\\Router->dispatch()\n#1 {main}"}
[2025-02-10 12:39:20] [ERROR] Route not found {"file":"C:\\laragon\\www\\phoenix\\app\\Core\\Router.php","line":89,"trace":"#0 C:\\laragon\\www\\phoenix\\public\\index.php(31): App\\Core\\Router->dispatch()\n#1 {main}"}
[2025-02-10 12:39:20] [ERROR] Route not found {"file":"C:\\laragon\\www\\phoenix\\app\\Core\\Router.php","line":89,"trace":"#0 C:\\laragon\\www\\phoenix\\public\\index.php(31): App\\Core\\Router->dispatch()\n#1 {main}"}
[2025-02-10 12:39:20] [ERROR] Route not found {"file":"C:\\laragon\\www\\phoenix\\app\\Core\\Router.php","line":89,"trace":"#0 C:\\laragon\\www\\phoenix\\public\\index.php(31): App\\Core\\Router->dispatch()\n#1 {main}"}
[2025-02-10 12:39:20] [ERROR] Route not found {"file":"C:\\laragon\\www\\phoenix\\app\\Core\\Router.php","line":89,"trace":"#0 C:\\laragon\\www\\phoenix\\public\\index.php(31): App\\Core\\Router->dispatch()\n#1 {main}"}
[2025-02-10 12:39:20] [ERROR] Route not found {"file":"C:\\laragon\\www\\phoenix\\app\\Core\\Router.php","line":89,"trace":"#0 C:\\laragon\\www\\phoenix\\public\\index.php(31): App\\Core\\Router->dispatch()\n#1 {main}"}
[2025-02-10 12:39:55] [ERROR] Route not found {"file":"C:\\laragon\\www\\phoenix\\app\\Core\\Router.php","line":89,"trace":"#0 C:\\laragon\\www\\phoenix\\public\\index.php(31): App\\Core\\Router->dispatch()\n#1 {main}"}
[2025-02-10 12:41:24] [ERROR] Route not found {"file":"C:\\laragon\\www\\phoenix\\app\\Core\\Router.php","line":89,"trace":"#0 C:\\laragon\\www\\phoenix\\public\\index.php(31): App\\Core\\Router->dispatch()\n#1 {main}"}
[2025-02-10 12:41:24] [ERROR] Route not found {"file":"C:\\laragon\\www\\phoenix\\app\\Core\\Router.php","line":89,"trace":"#0 C:\\laragon\\www\\phoenix\\public\\index.php(31): App\\Core\\Router->dispatch()\n#1 {main}"}
[2025-02-10 12:41:25] [ERROR] Route not found {"file":"C:\\laragon\\www\\phoenix\\app\\Core\\Router.php","line":89,"trace":"#0 C:\\laragon\\www\\phoenix\\public\\index.php(31): App\\Core\\Router->dispatch()\n#1 {main}"}
[2025-02-10 12:41:25] [ERROR] Route not found {"file":"C:\\laragon\\www\\phoenix\\app\\Core\\Router.php","line":89,"trace":"#0 C:\\laragon\\www\\phoenix\\public\\index.php(31): App\\Core\\Router->dispatch()\n#1 {main}"}
[2025-02-10 12:41:25] [ERROR] Route not found {"file":"C:\\laragon\\www\\phoenix\\app\\Core\\Router.php","line":89,"trace":"#0 C:\\laragon\\www\\phoenix\\public\\index.php(31): App\\Core\\Router->dispatch()\n#1 {main}"}
[2025-02-10 14:44:20] [ERROR] Route not found {"file":"C:\\laragon\\www\\phoenix\\app\\Core\\Router.php","line":89,"trace":"#0 C:\\laragon\\www\\phoenix\\public\\index.php(31): App\\Core\\Router->dispatch()\n#1 {main}"}
<<<<<<< HEAD
<<<<<<< HEAD
=======
=======
>>>>>>> setup
[2025-02-10 15:39:54] [ERROR] Route not found {"file":"\/var\/www\/html\/collab\/app\/Core\/Router.php","line":89,"trace":"#0 \/var\/www\/html\/collab\/public\/index.php(31): App\\Core\\Router->dispatch()\n#1 {main}"}
[2025-02-10 15:43:13] [ERROR] Route not found {"file":"\/var\/www\/html\/collab\/app\/Core\/Router.php","line":89,"trace":"#0 \/var\/www\/html\/collab\/public\/index.php(31): App\\Core\\Router->dispatch()\n#1 {main}"}
[2025-02-10 15:44:17] [ERROR] Unable to find template "auth/login.twig" (looked into: /var/www/html/collab/app/Core/../views). {"file":"\/var\/www\/html\/collab\/vendor\/twig\/twig\/src\/Loader\/FilesystemLoader.php","line":234,"trace":"#0 \/var\/www\/html\/collab\/vendor\/twig\/twig\/src\/Loader\/FilesystemLoader.php(138): Twig\\Loader\\FilesystemLoader->findTemplate()\n#1 \/var\/www\/html\/collab\/vendor\/twig\/twig\/src\/Environment.php(318): Twig\\Loader\\FilesystemLoader->getCacheKey()\n#2 \/var\/www\/html\/collab\/vendor\/twig\/twig\/src\/Environment.php(371): Twig\\Environment->getTemplateClass()\n#3 \/var\/www\/html\/collab\/vendor\/twig\/twig\/src\/Environment.php(334): Twig\\Environment->load()\n#4 \/var\/www\/html\/collab\/app\/Core\/Controller.php(28): Twig\\Environment->render()\n#5 \/var\/www\/html\/collab\/app\/Controllers\/AuthController.php(46): App\\Core\\Controller->render()\n#6 \/var\/www\/html\/collab\/app\/Core\/Router.php(85): App\\Controllers\\AuthController->login()\n#7 \/var\/www\/html\/collab\/public\/index.php(31): App\\Core\\Router->dispatch()\n#8 {main}"}
[2025-02-10 15:45:39] [ERROR] Unable to find template "layouts/base.twig" (looked into: /var/www/html/collab/app/Core/../views) in "Auth/login.twig" at line 1. {"file":"\/var\/www\/html\/collab\/vendor\/twig\/twig\/src\/Loader\/FilesystemLoader.php","line":234,"trace":"#0 \/var\/www\/html\/collab\/vendor\/twig\/twig\/src\/Loader\/FilesystemLoader.php(138): Twig\\Loader\\FilesystemLoader->findTemplate()\n#1 \/var\/www\/html\/collab\/vendor\/twig\/twig\/src\/Environment.php(318): Twig\\Loader\\FilesystemLoader->getCacheKey()\n#2 \/var\/www\/html\/collab\/vendor\/twig\/twig\/src\/Template.php(296): Twig\\Environment->getTemplateClass()\n#3 \/var\/www\/html\/collab\/vendor\/twig\/twig\/src\/Environment.php(421) : eval()'d code(47): Twig\\Template->loadTemplate()\n#4 \/var\/www\/html\/collab\/vendor\/twig\/twig\/src\/Template.php(388): __TwigTemplate_36464d4668a61bf4d2b74af5377cfe17->doDisplay()\n#5 \/var\/www\/html\/collab\/vendor\/twig\/twig\/src\/Template.php(344): Twig\\Template->yield()\n#6 \/var\/www\/html\/collab\/vendor\/twig\/twig\/src\/Template.php(359): Twig\\Template->display()\n#7 \/var\/www\/html\/collab\/vendor\/twig\/twig\/src\/TemplateWrapper.php(51): Twig\\Template->render()\n#8 \/var\/www\/html\/collab\/vendor\/twig\/twig\/src\/Environment.php(334): Twig\\TemplateWrapper->render()\n#9 \/var\/www\/html\/collab\/app\/Core\/Controller.php(28): Twig\\Environment->render()\n#10 \/var\/www\/html\/collab\/app\/Controllers\/AuthController.php(46): App\\Core\\Controller->render()\n#11 \/var\/www\/html\/collab\/app\/Core\/Router.php(85): App\\Controllers\\AuthController->login()\n#12 \/var\/www\/html\/collab\/public\/index.php(31): App\\Core\\Router->dispatch()\n#13 {main}"}
[2025-02-10 15:46:45] [ERROR] Route not found {"file":"\/var\/www\/html\/collab\/app\/Core\/Router.php","line":89,"trace":"#0 \/var\/www\/html\/collab\/public\/index.php(31): App\\Core\\Router->dispatch()\n#1 {main}"}
[2025-02-10 15:47:20] [ERROR] Unable to find template "auth/register.twig" (looked into: /var/www/html/collab/app/Core/../views). {"file":"\/var\/www\/html\/collab\/vendor\/twig\/twig\/src\/Loader\/FilesystemLoader.php","line":234,"trace":"#0 \/var\/www\/html\/collab\/vendor\/twig\/twig\/src\/Loader\/FilesystemLoader.php(138): Twig\\Loader\\FilesystemLoader->findTemplate()\n#1 \/var\/www\/html\/collab\/vendor\/twig\/twig\/src\/Environment.php(318): Twig\\Loader\\FilesystemLoader->getCacheKey()\n#2 \/var\/www\/html\/collab\/vendor\/twig\/twig\/src\/Environment.php(371): Twig\\Environment->getTemplateClass()\n#3 \/var\/www\/html\/collab\/vendor\/twig\/twig\/src\/Environment.php(334): Twig\\Environment->load()\n#4 \/var\/www\/html\/collab\/app\/Core\/Controller.php(28): Twig\\Environment->render()\n#5 \/var\/www\/html\/collab\/app\/Controllers\/AuthController.php(89): App\\Core\\Controller->render()\n#6 \/var\/www\/html\/collab\/app\/Core\/Router.php(85): App\\Controllers\\AuthController->register()\n#7 \/var\/www\/html\/collab\/public\/index.php(31): App\\Core\\Router->dispatch()\n#8 {main}"}
[2025-02-10 15:47:38] [ERROR] Unable to find template "Auth/register.twig" (looked into: /var/www/html/collab/app/Core/../views). {"file":"\/var\/www\/html\/collab\/vendor\/twig\/twig\/src\/Loader\/FilesystemLoader.php","line":234,"trace":"#0 \/var\/www\/html\/collab\/vendor\/twig\/twig\/src\/Loader\/FilesystemLoader.php(138): Twig\\Loader\\FilesystemLoader->findTemplate()\n#1 \/var\/www\/html\/collab\/vendor\/twig\/twig\/src\/Environment.php(318): Twig\\Loader\\FilesystemLoader->getCacheKey()\n#2 \/var\/www\/html\/collab\/vendor\/twig\/twig\/src\/Environment.php(371): Twig\\Environment->getTemplateClass()\n#3 \/var\/www\/html\/collab\/vendor\/twig\/twig\/src\/Environment.php(334): Twig\\Environment->load()\n#4 \/var\/www\/html\/collab\/app\/Core\/Controller.php(28): Twig\\Environment->render()\n#5 \/var\/www\/html\/collab\/app\/Controllers\/AuthController.php(89): App\\Core\\Controller->render()\n#6 \/var\/www\/html\/collab\/app\/Core\/Router.php(85): App\\Controllers\\AuthController->register()\n#7 \/var\/www\/html\/collab\/public\/index.php(31): App\\Core\\Router->dispatch()\n#8 {main}"}
[2025-02-10 15:47:42] [ERROR] Unable to find template "Auth/register.twig" (looked into: /var/www/html/collab/app/Core/../views). {"file":"\/var\/www\/html\/collab\/vendor\/twig\/twig\/src\/Loader\/FilesystemLoader.php","line":234,"trace":"#0 \/var\/www\/html\/collab\/vendor\/twig\/twig\/src\/Loader\/FilesystemLoader.php(138): Twig\\Loader\\FilesystemLoader->findTemplate()\n#1 \/var\/www\/html\/collab\/vendor\/twig\/twig\/src\/Environment.php(318): Twig\\Loader\\FilesystemLoader->getCacheKey()\n#2 \/var\/www\/html\/collab\/vendor\/twig\/twig\/src\/Environment.php(371): Twig\\Environment->getTemplateClass()\n#3 \/var\/www\/html\/collab\/vendor\/twig\/twig\/src\/Environment.php(334): Twig\\Environment->load()\n#4 \/var\/www\/html\/collab\/app\/Core\/Controller.php(28): Twig\\Environment->render()\n#5 \/var\/www\/html\/collab\/app\/Controllers\/AuthController.php(89): App\\Core\\Controller->render()\n#6 \/var\/www\/html\/collab\/app\/Core\/Router.php(85): App\\Controllers\\AuthController->register()\n#7 \/var\/www\/html\/collab\/public\/index.php(31): App\\Core\\Router->dispatch()\n#8 {main}"}
[2025-02-10 15:48:13] [ERROR] Route not found {"file":"\/var\/www\/html\/collab\/app\/Core\/Router.php","line":89,"trace":"#0 \/var\/www\/html\/collab\/public\/index.php(31): App\\Core\\Router->dispatch()\n#1 {main}"}
[2025-02-10 15:49:01] [ERROR] Route not found {"file":"\/var\/www\/html\/collab\/app\/Core\/Router.php","line":89,"trace":"#0 \/var\/www\/html\/collab\/public\/index.php(31): App\\Core\\Router->dispatch()\n#1 {main}"}
[2025-02-10 15:50:54] [ERROR] Route not found {"file":"\/var\/www\/html\/collab\/app\/Core\/Router.php","line":89,"trace":"#0 \/var\/www\/html\/collab\/public\/index.php(31): App\\Core\\Router->dispatch()\n#1 {main}"}
<<<<<<< HEAD
>>>>>>> origin/setup
[2025-02-10 22:46:14] [ERROR] Route not found {"file":"C:\\laragon\\www\\phoenix\\app\\Core\\Router.php","line":89,"trace":"#0 C:\\laragon\\www\\phoenix\\public\\index.php(31): App\\Core\\Router->dispatch()\n#1 {main}"}
[2025-02-10 22:46:31] [ERROR] Route not found {"file":"C:\\laragon\\www\\phoenix\\app\\Core\\Router.php","line":89,"trace":"#0 C:\\laragon\\www\\phoenix\\public\\index.php(31): App\\Core\\Router->dispatch()\n#1 {main}"}
[2025-02-11 09:10:15] [ERROR] Route not found {"file":"C:\\laragon\\www\\phoenix\\app\\Core\\Router.php","line":89,"trace":"#0 C:\\laragon\\www\\phoenix\\public\\index.php(31): App\\Core\\Router->dispatch()\n#1 {main}"}
[2025-02-11 09:11:54] [ERROR] Route not found {"file":"C:\\laragon\\www\\phoenix\\app\\Core\\Router.php","line":89,"trace":"#0 C:\\laragon\\www\\phoenix\\public\\index.php(31): App\\Core\\Router->dispatch()\n#1 {main}"}
[2025-02-11 09:14:00] [ERROR] Route not found {"file":"C:\\laragon\\www\\phoenix\\app\\Core\\Router.php","line":89,"trace":"#0 C:\\laragon\\www\\phoenix\\public\\index.php(31): App\\Core\\Router->dispatch()\n#1 {main}"}
[2025-02-11 09:20:32] [ERROR] Route not found {"file":"C:\\laragon\\www\\phoenix\\app\\Core\\Router.php","line":89,"trace":"#0 C:\\laragon\\www\\phoenix\\public\\index.php(31): App\\Core\\Router->dispatch()\n#1 {main}"}
=======
[2025-02-11 08:14:48] [ERROR] Route not found {"file":"\/var\/www\/html\/collab\/app\/Core\/Router.php","line":89,"trace":"#0 \/var\/www\/html\/collab\/public\/index.php(31): App\\Core\\Router->dispatch()\n#1 {main}"}
[2025-02-11 08:15:59] [ERROR] SQLSTATE[42703]: Undefined column: 7 ERROR:  column "password" of relation "users" does not exist
LINE 1: INSERT INTO users (email, password, role, created_at) VALUES...
                                  ^ {"file":"\/var\/www\/html\/collab\/app\/Models\/User.php","line":36,"trace":"#0 \/var\/www\/html\/collab\/app\/Models\/User.php(36): PDOStatement->execute()\n#1 \/var\/www\/html\/collab\/app\/Controllers\/AuthController.php(73): App\\Models\\User->save()\n#2 \/var\/www\/html\/collab\/app\/Core\/Router.php(85): App\\Controllers\\AuthController->register()\n#3 \/var\/www\/html\/collab\/public\/index.php(31): App\\Core\\Router->dispatch()\n#4 {main}"}
[2025-02-11 08:16:55] [ERROR] SQLSTATE[23514]: Check violation: 7 ERROR:  new row for relation "users" violates check constraint "users_role_check"
DETAIL:  Failing row contains (4, lyqage@mailinator.com, $argon2id$v=19$m=65536,t=4,p=1$VWFjRzFSeWtDdVAvNml0Rg$x3IGXgbyjP..., user, null, null, 2025-02-11 08:16:55, 2025-02-11 09:16:55.280158). {"file":"\/var\/www\/html\/collab\/app\/Models\/User.php","line":36,"trace":"#0 \/var\/www\/html\/collab\/app\/Models\/User.php(36): PDOStatement->execute()\n#1 \/var\/www\/html\/collab\/app\/Controllers\/AuthController.php(73): App\\Models\\User->save()\n#2 \/var\/www\/html\/collab\/app\/Core\/Router.php(85): App\\Controllers\\AuthController->register()\n#3 \/var\/www\/html\/collab\/public\/index.php(31): App\\Core\\Router->dispatch()\n#4 {main}"}
[2025-02-11 08:18:26] [ERROR] SQLSTATE[HY093]: Invalid parameter number: parameter was not defined {"file":"\/var\/www\/html\/collab\/app\/Models\/User.php","line":36,"trace":"#0 \/var\/www\/html\/collab\/app\/Models\/User.php(36): PDOStatement->execute()\n#1 \/var\/www\/html\/collab\/app\/Controllers\/AuthController.php(73): App\\Models\\User->save()\n#2 \/var\/www\/html\/collab\/app\/Core\/Router.php(85): App\\Controllers\\AuthController->register()\n#3 \/var\/www\/html\/collab\/public\/index.php(31): App\\Core\\Router->dispatch()\n#4 {main}"}
[2025-02-11 08:46:43] [ERROR] SQLSTATE[HY093]: Invalid parameter number: parameter was not defined {"file":"\/var\/www\/html\/collab\/app\/Models\/User.php","line":36,"trace":"#0 \/var\/www\/html\/collab\/app\/Models\/User.php(36): PDOStatement->execute()\n#1 \/var\/www\/html\/collab\/app\/Controllers\/AuthController.php(73): App\\Models\\User->save()\n#2 \/var\/www\/html\/collab\/app\/Core\/Router.php(85): App\\Controllers\\AuthController->register()\n#3 \/var\/www\/html\/collab\/public\/index.php(31): App\\Core\\Router->dispatch()\n#4 {main}"}
[2025-02-11 08:48:05] [ERROR] Route not found {"file":"\/var\/www\/html\/collab\/app\/Core\/Router.php","line":89,"trace":"#0 \/var\/www\/html\/collab\/public\/index.php(31): App\\Core\\Router->dispatch()\n#1 {main}"}
[2025-02-11 08:48:35] [ERROR] Route not found {"file":"\/var\/www\/html\/collab\/app\/Core\/Router.php","line":89,"trace":"#0 \/var\/www\/html\/collab\/public\/index.php(31): App\\Core\\Router->dispatch()\n#1 {main}"}
[2025-02-11 08:50:51] [ERROR] Route not found {"file":"\/var\/www\/html\/collab\/app\/Core\/Router.php","line":89,"trace":"#0 \/var\/www\/html\/collab\/public\/index.php(31): App\\Core\\Router->dispatch()\n#1 {main}"}
[2025-02-11 08:58:51] [ERROR] SQLSTATE[08P01]: <<Unknown error>>: 7 ERROR:  bind message supplies 4 parameters, but prepared statement "pdo_stmt_00000002" requires 5 {"file":"\/var\/www\/html\/collab\/app\/Models\/User.php","line":36,"trace":"#0 \/var\/www\/html\/collab\/app\/Models\/User.php(36): PDOStatement->execute()\n#1 \/var\/www\/html\/collab\/app\/Controllers\/AuthController.php(76): App\\Models\\User->save()\n#2 \/var\/www\/html\/collab\/app\/Core\/Router.php(85): App\\Controllers\\AuthController->register()\n#3 \/var\/www\/html\/collab\/public\/index.php(31): App\\Core\\Router->dispatch()\n#4 {main}"}
[2025-02-11 09:00:57] [ERROR] Route not found {"file":"\/var\/www\/html\/collab\/app\/Core\/Router.php","line":89,"trace":"#0 \/var\/www\/html\/collab\/public\/index.php(31): App\\Core\\Router->dispatch()\n#1 {main}"}
<<<<<<< HEAD
>>>>>>> setup
[2025-02-11 10:22:46] [ERROR] Unknown "endblock" tag. {"file":"C:\\laragon\\www\\phoenix\\app\\views\\Auth\\register.twig","line":74,"trace":"#0 C:\\laragon\\www\\phoenix\\vendor\\twig\\twig\\src\\Parser.php(95): Twig\\Parser->subparse(NULL, false)\n#1 C:\\laragon\\www\\phoenix\\vendor\\twig\\twig\\src\\Environment.php(559): Twig\\Parser->parse(Object(Twig\\TokenStream))\n#2 C:\\laragon\\www\\phoenix\\vendor\\twig\\twig\\src\\Environment.php(590): Twig\\Environment->parse(Object(Twig\\TokenStream))\n#3 C:\\laragon\\www\\phoenix\\vendor\\twig\\twig\\src\\Environment.php(409): Twig\\Environment->compileSource(Object(Twig\\Source))\n#4 C:\\laragon\\www\\phoenix\\vendor\\twig\\twig\\src\\Environment.php(371): Twig\\Environment->loadTemplate('__TwigTemplate_...', 'Auth\/register.t...')\n#5 C:\\laragon\\www\\phoenix\\vendor\\twig\\twig\\src\\Environment.php(334): Twig\\Environment->load('Auth\/register.t...')\n#6 C:\\laragon\\www\\phoenix\\app\\Core\\Controller.php(28): Twig\\Environment->render('Auth\/register.t...', Array)\n#7 C:\\laragon\\www\\phoenix\\app\\Controllers\\AuthController.php(93): App\\Core\\Controller->render('Auth\/register', Array)\n#8 C:\\laragon\\www\\phoenix\\app\\Core\\Router.php(85): App\\Controllers\\AuthController->register()\n#9 C:\\laragon\\www\\phoenix\\public\\index.php(31): App\\Core\\Router->dispatch()\n#10 {main}"}
[2025-02-11 10:28:54] [ERROR] Database connection failed: SQLSTATE[08006] [7] FATAL:  authentification par mot de passe échouée pour l'utilisateur  « mohammed » {"file":"C:\\laragon\\www\\phoenix\\app\\Core\\Database.php","line":30,"trace":"#0 C:\\laragon\\www\\phoenix\\app\\Models\\User.php(52): App\\Core\\Database::getInstance()\n#1 C:\\laragon\\www\\phoenix\\app\\Controllers\\AuthController.php(67): App\\Models\\User::findByEmail('nojyve@mailinat...')\n#2 C:\\laragon\\www\\phoenix\\app\\Core\\Router.php(85): App\\Controllers\\AuthController->register()\n#3 C:\\laragon\\www\\phoenix\\public\\index.php(31): App\\Core\\Router->dispatch()\n#4 {main}"}
[2025-02-11 10:30:59] [ERROR] Route not found {"file":"C:\\laragon\\www\\phoenix\\app\\Core\\Router.php","line":89,"trace":"#0 C:\\laragon\\www\\phoenix\\public\\index.php(31): App\\Core\\Router->dispatch()\n#1 {main}"}
[2025-02-11 10:31:44] [ERROR] Route not found {"file":"C:\\laragon\\www\\phoenix\\app\\Core\\Router.php","line":89,"trace":"#0 C:\\laragon\\www\\phoenix\\public\\index.php(31): App\\Core\\Router->dispatch()\n#1 {main}"}
[2025-02-11 11:09:03] [ERROR] Route not found {"file":"C:\\laragon\\www\\phoenix\\app\\Core\\Router.php","line":89,"trace":"#0 C:\\laragon\\www\\phoenix\\public\\index.php(31): App\\Core\\Router->dispatch()\n#1 {main}"}
[2025-02-11 11:10:03] [ERROR] Route not found {"file":"C:\\laragon\\www\\phoenix\\app\\Core\\Router.php","line":89,"trace":"#0 C:\\laragon\\www\\phoenix\\public\\index.php(31): App\\Core\\Router->dispatch()\n#1 {main}"}
[2025-02-11 11:11:37] [ERROR] Route not found {"file":"C:\\laragon\\www\\phoenix\\app\\Core\\Router.php","line":89,"trace":"#0 C:\\laragon\\www\\phoenix\\public\\index.php(31): App\\Core\\Router->dispatch()\n#1 {main}"}
[2025-02-11 11:13:22] [ERROR] Route not found {"file":"C:\\laragon\\www\\phoenix\\app\\Core\\Router.php","line":89,"trace":"#0 C:\\laragon\\www\\phoenix\\public\\index.php(31): App\\Core\\Router->dispatch()\n#1 {main}"}
=======
[2025-02-11 11:16:29] [ERROR] Route not found {"file":"\/var\/www\/html\/collab\/app\/Core\/Router.php","line":89,"trace":"#0 \/var\/www\/html\/collab\/public\/index.php(31): App\\Core\\Router->dispatch()\n#1 {main}"}
[2025-02-11 11:17:59] [ERROR] Route not found {"file":"\/var\/www\/html\/collab\/app\/Core\/Router.php","line":89,"trace":"#0 \/var\/www\/html\/collab\/public\/index.php(31): App\\Core\\Router->dispatch()\n#1 {main}"}
[2025-02-11 11:18:17] [ERROR] Route not found {"file":"\/var\/www\/html\/collab\/app\/Core\/Router.php","line":89,"trace":"#0 \/var\/www\/html\/collab\/public\/index.php(31): App\\Core\\Router->dispatch()\n#1 {main}"}
[2025-02-11 11:19:24] [ERROR] Route not found {"file":"\/var\/www\/html\/collab\/app\/Core\/Router.php","line":89,"trace":"#0 \/var\/www\/html\/collab\/public\/index.php(31): App\\Core\\Router->dispatch()\n#1 {main}"}
[2025-02-11 11:23:51] [ERROR] Route not found {"file":"\/var\/www\/html\/collab\/app\/Core\/Router.php","line":89,"trace":"#0 \/var\/www\/html\/collab\/public\/index.php(31): App\\Core\\Router->dispatch()\n#1 {main}"}
[2025-02-11 11:23:55] [ERROR] Route not found {"file":"\/var\/www\/html\/collab\/app\/Core\/Router.php","line":89,"trace":"#0 \/var\/www\/html\/collab\/public\/index.php(31): App\\Core\\Router->dispatch()\n#1 {main}"}
[2025-02-11 11:24:03] [ERROR] Route not found {"file":"\/var\/www\/html\/collab\/app\/Core\/Router.php","line":89,"trace":"#0 \/var\/www\/html\/collab\/public\/index.php(31): App\\Core\\Router->dispatch()\n#1 {main}"}
[2025-02-11 11:25:21] [ERROR] Route not found {"file":"\/var\/www\/html\/collab\/app\/Core\/Router.php","line":89,"trace":"#0 \/var\/www\/html\/collab\/public\/index.php(31): App\\Core\\Router->dispatch()\n#1 {main}"}
[2025-02-11 11:26:27] [ERROR] Route not found {"file":"\/var\/www\/html\/collab\/app\/Core\/Router.php","line":89,"trace":"#0 \/var\/www\/html\/collab\/public\/index.php(31): App\\Core\\Router->dispatch()\n#1 {main}"}
[2025-02-11 11:27:52] [ERROR] Route not found {"file":"\/var\/www\/html\/collab\/app\/Core\/Router.php","line":89,"trace":"#0 \/var\/www\/html\/collab\/public\/index.php(31): App\\Core\\Router->dispatch()\n#1 {main}"}
[2025-02-11 11:29:45] [ERROR] Route not found {"file":"\/var\/www\/html\/collab\/app\/Core\/Router.php","line":89,"trace":"#0 \/var\/www\/html\/collab\/public\/index.php(31): App\\Core\\Router->dispatch()\n#1 {main}"}
[2025-02-11 11:31:28] [ERROR] Route not found {"file":"\/var\/www\/html\/collab\/app\/Core\/Router.php","line":89,"trace":"#0 \/var\/www\/html\/collab\/public\/index.php(31): App\\Core\\Router->dispatch()\n#1 {main}"}
[2025-02-11 11:33:49] [ERROR] Route not found {"file":"\/var\/www\/html\/collab\/app\/Core\/Router.php","line":89,"trace":"#0 \/var\/www\/html\/collab\/public\/index.php(31): App\\Core\\Router->dispatch()\n#1 {main}"}
[2025-02-11 11:37:07] [ERROR] Route not found {"file":"\/var\/www\/html\/collab\/app\/Core\/Router.php","line":88,"trace":"#0 \/var\/www\/html\/collab\/public\/index.php(31): App\\Core\\Router->dispatch()\n#1 {main}"}
[2025-02-11 11:47:10] [ERROR] Route not found {"file":"\/var\/www\/html\/collab\/app\/Core\/Router.php","line":88,"trace":"#0 \/var\/www\/html\/collab\/public\/index.php(31): App\\Core\\Router->dispatch()\n#1 {main}"}
[2025-02-11 11:48:59] [ERROR] Route not found {"file":"\/var\/www\/html\/collab\/app\/Core\/Router.php","line":88,"trace":"#0 \/var\/www\/html\/collab\/public\/index.php(31): App\\Core\\Router->dispatch()\n#1 {main}"}
[2025-02-11 11:50:49] [ERROR] Route not found {"file":"\/var\/www\/html\/collab\/app\/Core\/Router.php","line":88,"trace":"#0 \/var\/www\/html\/collab\/public\/index.php(31): App\\Core\\Router->dispatch()\n#1 {main}"}
[2025-02-11 11:55:35] [ERROR] Route not found {"file":"\/var\/www\/html\/collab\/app\/Core\/Router.php","line":88,"trace":"#0 \/var\/www\/html\/collab\/public\/index.php(31): App\\Core\\Router->dispatch()\n#1 {main}"}
[2025-02-11 11:55:37] [ERROR] Route not found {"file":"\/var\/www\/html\/collab\/app\/Core\/Router.php","line":88,"trace":"#0 \/var\/www\/html\/collab\/public\/index.php(31): App\\Core\\Router->dispatch()\n#1 {main}"}
[2025-02-11 12:01:05] [ERROR] Route not found {"file":"\/var\/www\/html\/collab\/app\/Core\/Router.php","line":88,"trace":"#0 \/var\/www\/html\/collab\/public\/index.php(31): App\\Core\\Router->dispatch()\n#1 {main}"}
[2025-02-11 12:06:04] [ERROR] Route not found {"file":"\/var\/www\/html\/collab\/app\/Core\/Router.php","line":88,"trace":"#0 \/var\/www\/html\/collab\/public\/index.php(31): App\\Core\\Router->dispatch()\n#1 {main}"}
[2025-02-11 12:06:08] [ERROR] Route not found {"file":"\/var\/www\/html\/collab\/app\/Core\/Router.php","line":88,"trace":"#0 \/var\/www\/html\/collab\/public\/index.php(31): App\\Core\\Router->dispatch()\n#1 {main}"}
[2025-02-11 12:13:26] [ERROR] Unable to find template "Participants/index.twig.twig" (looked into: /var/www/html/collab/app/Core/../views). {"file":"\/var\/www\/html\/collab\/vendor\/twig\/twig\/src\/Loader\/FilesystemLoader.php","line":234,"trace":"#0 \/var\/www\/html\/collab\/vendor\/twig\/twig\/src\/Loader\/FilesystemLoader.php(138): Twig\\Loader\\FilesystemLoader->findTemplate()\n#1 \/var\/www\/html\/collab\/vendor\/twig\/twig\/src\/Environment.php(318): Twig\\Loader\\FilesystemLoader->getCacheKey()\n#2 \/var\/www\/html\/collab\/vendor\/twig\/twig\/src\/Environment.php(371): Twig\\Environment->getTemplateClass()\n#3 \/var\/www\/html\/collab\/vendor\/twig\/twig\/src\/Environment.php(334): Twig\\Environment->load()\n#4 \/var\/www\/html\/collab\/app\/Core\/Controller.php(28): Twig\\Environment->render()\n#5 \/var\/www\/html\/collab\/app\/Controllers\/AuthController.php(128): App\\Core\\Controller->render()\n#6 \/var\/www\/html\/collab\/app\/Core\/Router.php(84): App\\Controllers\\AuthController->dashboard()\n#7 \/var\/www\/html\/collab\/public\/index.php(31): App\\Core\\Router->dispatch()\n#8 {main}"}
[2025-02-11 13:48:34] [ERROR] Unable to find template "Participants/.twig" (looked into: /var/www/html/collab/app/Core/../views). {"file":"\/var\/www\/html\/collab\/vendor\/twig\/twig\/src\/Loader\/FilesystemLoader.php","line":234,"trace":"#0 \/var\/www\/html\/collab\/vendor\/twig\/twig\/src\/Loader\/FilesystemLoader.php(138): Twig\\Loader\\FilesystemLoader->findTemplate()\n#1 \/var\/www\/html\/collab\/vendor\/twig\/twig\/src\/Environment.php(318): Twig\\Loader\\FilesystemLoader->getCacheKey()\n#2 \/var\/www\/html\/collab\/vendor\/twig\/twig\/src\/Environment.php(371): Twig\\Environment->getTemplateClass()\n#3 \/var\/www\/html\/collab\/vendor\/twig\/twig\/src\/Environment.php(334): Twig\\Environment->load()\n#4 \/var\/www\/html\/collab\/app\/Core\/Controller.php(28): Twig\\Environment->render()\n#5 \/var\/www\/html\/collab\/app\/Controllers\/AuthController.php(128): App\\Core\\Controller->render()\n#6 \/var\/www\/html\/collab\/app\/Core\/Router.php(84): App\\Controllers\\AuthController->dashboard()\n#7 \/var\/www\/html\/collab\/public\/index.php(31): App\\Core\\Router->dispatch()\n#8 {main}"}
[2025-02-11 13:48:34] [ERROR] Unable to find template "Participants/.twig" (looked into: /var/www/html/collab/app/Core/../views). {"file":"\/var\/www\/html\/collab\/vendor\/twig\/twig\/src\/Loader\/FilesystemLoader.php","line":234,"trace":"#0 \/var\/www\/html\/collab\/vendor\/twig\/twig\/src\/Loader\/FilesystemLoader.php(138): Twig\\Loader\\FilesystemLoader->findTemplate()\n#1 \/var\/www\/html\/collab\/vendor\/twig\/twig\/src\/Environment.php(318): Twig\\Loader\\FilesystemLoader->getCacheKey()\n#2 \/var\/www\/html\/collab\/vendor\/twig\/twig\/src\/Environment.php(371): Twig\\Environment->getTemplateClass()\n#3 \/var\/www\/html\/collab\/vendor\/twig\/twig\/src\/Environment.php(334): Twig\\Environment->load()\n#4 \/var\/www\/html\/collab\/app\/Core\/Controller.php(28): Twig\\Environment->render()\n#5 \/var\/www\/html\/collab\/app\/Controllers\/AuthController.php(128): App\\Core\\Controller->render()\n#6 \/var\/www\/html\/collab\/app\/Core\/Router.php(84): App\\Controllers\\AuthController->dashboard()\n#7 \/var\/www\/html\/collab\/public\/index.php(31): App\\Core\\Router->dispatch()\n#8 {main}"}
[2025-02-11 13:48:34] [ERROR] Unable to find template "Participants/.twig" (looked into: /var/www/html/collab/app/Core/../views). {"file":"\/var\/www\/html\/collab\/vendor\/twig\/twig\/src\/Loader\/FilesystemLoader.php","line":234,"trace":"#0 \/var\/www\/html\/collab\/vendor\/twig\/twig\/src\/Loader\/FilesystemLoader.php(138): Twig\\Loader\\FilesystemLoader->findTemplate()\n#1 \/var\/www\/html\/collab\/vendor\/twig\/twig\/src\/Environment.php(318): Twig\\Loader\\FilesystemLoader->getCacheKey()\n#2 \/var\/www\/html\/collab\/vendor\/twig\/twig\/src\/Environment.php(371): Twig\\Environment->getTemplateClass()\n#3 \/var\/www\/html\/collab\/vendor\/twig\/twig\/src\/Environment.php(334): Twig\\Environment->load()\n#4 \/var\/www\/html\/collab\/app\/Core\/Controller.php(28): Twig\\Environment->render()\n#5 \/var\/www\/html\/collab\/app\/Controllers\/AuthController.php(128): App\\Core\\Controller->render()\n#6 \/var\/www\/html\/collab\/app\/Core\/Router.php(84): App\\Controllers\\AuthController->dashboard()\n#7 \/var\/www\/html\/collab\/public\/index.php(31): App\\Core\\Router->dispatch()\n#8 {main}"}
[2025-02-11 13:48:35] [ERROR] Unable to find template "Participants/.twig" (looked into: /var/www/html/collab/app/Core/../views). {"file":"\/var\/www\/html\/collab\/vendor\/twig\/twig\/src\/Loader\/FilesystemLoader.php","line":234,"trace":"#0 \/var\/www\/html\/collab\/vendor\/twig\/twig\/src\/Loader\/FilesystemLoader.php(138): Twig\\Loader\\FilesystemLoader->findTemplate()\n#1 \/var\/www\/html\/collab\/vendor\/twig\/twig\/src\/Environment.php(318): Twig\\Loader\\FilesystemLoader->getCacheKey()\n#2 \/var\/www\/html\/collab\/vendor\/twig\/twig\/src\/Environment.php(371): Twig\\Environment->getTemplateClass()\n#3 \/var\/www\/html\/collab\/vendor\/twig\/twig\/src\/Environment.php(334): Twig\\Environment->load()\n#4 \/var\/www\/html\/collab\/app\/Core\/Controller.php(28): Twig\\Environment->render()\n#5 \/var\/www\/html\/collab\/app\/Controllers\/AuthController.php(128): App\\Core\\Controller->render()\n#6 \/var\/www\/html\/collab\/app\/Core\/Router.php(84): App\\Controllers\\AuthController->dashboard()\n#7 \/var\/www\/html\/collab\/public\/index.php(31): App\\Core\\Router->dispatch()\n#8 {main}"}
[2025-02-11 13:48:35] [ERROR] Unable to find template "Participants/.twig" (looked into: /var/www/html/collab/app/Core/../views). {"file":"\/var\/www\/html\/collab\/vendor\/twig\/twig\/src\/Loader\/FilesystemLoader.php","line":234,"trace":"#0 \/var\/www\/html\/collab\/vendor\/twig\/twig\/src\/Loader\/FilesystemLoader.php(138): Twig\\Loader\\FilesystemLoader->findTemplate()\n#1 \/var\/www\/html\/collab\/vendor\/twig\/twig\/src\/Environment.php(318): Twig\\Loader\\FilesystemLoader->getCacheKey()\n#2 \/var\/www\/html\/collab\/vendor\/twig\/twig\/src\/Environment.php(371): Twig\\Environment->getTemplateClass()\n#3 \/var\/www\/html\/collab\/vendor\/twig\/twig\/src\/Environment.php(334): Twig\\Environment->load()\n#4 \/var\/www\/html\/collab\/app\/Core\/Controller.php(28): Twig\\Environment->render()\n#5 \/var\/www\/html\/collab\/app\/Controllers\/AuthController.php(128): App\\Core\\Controller->render()\n#6 \/var\/www\/html\/collab\/app\/Core\/Router.php(84): App\\Controllers\\AuthController->dashboard()\n#7 \/var\/www\/html\/collab\/public\/index.php(31): App\\Core\\Router->dispatch()\n#8 {main}"}
[2025-02-11 13:48:35] [ERROR] Unable to find template "Participants/.twig" (looked into: /var/www/html/collab/app/Core/../views). {"file":"\/var\/www\/html\/collab\/vendor\/twig\/twig\/src\/Loader\/FilesystemLoader.php","line":234,"trace":"#0 \/var\/www\/html\/collab\/vendor\/twig\/twig\/src\/Loader\/FilesystemLoader.php(138): Twig\\Loader\\FilesystemLoader->findTemplate()\n#1 \/var\/www\/html\/collab\/vendor\/twig\/twig\/src\/Environment.php(318): Twig\\Loader\\FilesystemLoader->getCacheKey()\n#2 \/var\/www\/html\/collab\/vendor\/twig\/twig\/src\/Environment.php(371): Twig\\Environment->getTemplateClass()\n#3 \/var\/www\/html\/collab\/vendor\/twig\/twig\/src\/Environment.php(334): Twig\\Environment->load()\n#4 \/var\/www\/html\/collab\/app\/Core\/Controller.php(28): Twig\\Environment->render()\n#5 \/var\/www\/html\/collab\/app\/Controllers\/AuthController.php(128): App\\Core\\Controller->render()\n#6 \/var\/www\/html\/collab\/app\/Core\/Router.php(84): App\\Controllers\\AuthController->dashboard()\n#7 \/var\/www\/html\/collab\/public\/index.php(31): App\\Core\\Router->dispatch()\n#8 {main}"}
[2025-02-11 13:48:50] [ERROR] Unable to find template "Participants/index.twig" (looked into: /var/www/html/collab/app/Core/../views). {"file":"\/var\/www\/html\/collab\/vendor\/twig\/twig\/src\/Loader\/FilesystemLoader.php","line":234,"trace":"#0 \/var\/www\/html\/collab\/vendor\/twig\/twig\/src\/Loader\/FilesystemLoader.php(138): Twig\\Loader\\FilesystemLoader->findTemplate()\n#1 \/var\/www\/html\/collab\/vendor\/twig\/twig\/src\/Environment.php(318): Twig\\Loader\\FilesystemLoader->getCacheKey()\n#2 \/var\/www\/html\/collab\/vendor\/twig\/twig\/src\/Environment.php(371): Twig\\Environment->getTemplateClass()\n#3 \/var\/www\/html\/collab\/vendor\/twig\/twig\/src\/Environment.php(334): Twig\\Environment->load()\n#4 \/var\/www\/html\/collab\/app\/Core\/Controller.php(28): Twig\\Environment->render()\n#5 \/var\/www\/html\/collab\/app\/Controllers\/AuthController.php(128): App\\Core\\Controller->render()\n#6 \/var\/www\/html\/collab\/app\/Core\/Router.php(84): App\\Controllers\\AuthController->dashboard()\n#7 \/var\/www\/html\/collab\/public\/index.php(31): App\\Core\\Router->dispatch()\n#8 {main}"}
[2025-02-11 13:49:21] [ERROR] Unable to find template "/Participants/.twig" (looked into: /var/www/html/collab/app/Core/../views). {"file":"\/var\/www\/html\/collab\/vendor\/twig\/twig\/src\/Loader\/FilesystemLoader.php","line":234,"trace":"#0 \/var\/www\/html\/collab\/vendor\/twig\/twig\/src\/Loader\/FilesystemLoader.php(138): Twig\\Loader\\FilesystemLoader->findTemplate()\n#1 \/var\/www\/html\/collab\/vendor\/twig\/twig\/src\/Environment.php(318): Twig\\Loader\\FilesystemLoader->getCacheKey()\n#2 \/var\/www\/html\/collab\/vendor\/twig\/twig\/src\/Environment.php(371): Twig\\Environment->getTemplateClass()\n#3 \/var\/www\/html\/collab\/vendor\/twig\/twig\/src\/Environment.php(334): Twig\\Environment->load()\n#4 \/var\/www\/html\/collab\/app\/Core\/Controller.php(28): Twig\\Environment->render()\n#5 \/var\/www\/html\/collab\/app\/Controllers\/AuthController.php(128): App\\Core\\Controller->render()\n#6 \/var\/www\/html\/collab\/app\/Core\/Router.php(84): App\\Controllers\\AuthController->dashboard()\n#7 \/var\/www\/html\/collab\/public\/index.php(31): App\\Core\\Router->dispatch()\n#8 {main}"}
[2025-02-11 13:49:22] [ERROR] Unable to find template "/Participants/.twig" (looked into: /var/www/html/collab/app/Core/../views). {"file":"\/var\/www\/html\/collab\/vendor\/twig\/twig\/src\/Loader\/FilesystemLoader.php","line":234,"trace":"#0 \/var\/www\/html\/collab\/vendor\/twig\/twig\/src\/Loader\/FilesystemLoader.php(138): Twig\\Loader\\FilesystemLoader->findTemplate()\n#1 \/var\/www\/html\/collab\/vendor\/twig\/twig\/src\/Environment.php(318): Twig\\Loader\\FilesystemLoader->getCacheKey()\n#2 \/var\/www\/html\/collab\/vendor\/twig\/twig\/src\/Environment.php(371): Twig\\Environment->getTemplateClass()\n#3 \/var\/www\/html\/collab\/vendor\/twig\/twig\/src\/Environment.php(334): Twig\\Environment->load()\n#4 \/var\/www\/html\/collab\/app\/Core\/Controller.php(28): Twig\\Environment->render()\n#5 \/var\/www\/html\/collab\/app\/Controllers\/AuthController.php(128): App\\Core\\Controller->render()\n#6 \/var\/www\/html\/collab\/app\/Core\/Router.php(84): App\\Controllers\\AuthController->dashboard()\n#7 \/var\/www\/html\/collab\/public\/index.php(31): App\\Core\\Router->dispatch()\n#8 {main}"}
[2025-02-11 13:49:22] [ERROR] Unable to find template "/Participants/.twig" (looked into: /var/www/html/collab/app/Core/../views). {"file":"\/var\/www\/html\/collab\/vendor\/twig\/twig\/src\/Loader\/FilesystemLoader.php","line":234,"trace":"#0 \/var\/www\/html\/collab\/vendor\/twig\/twig\/src\/Loader\/FilesystemLoader.php(138): Twig\\Loader\\FilesystemLoader->findTemplate()\n#1 \/var\/www\/html\/collab\/vendor\/twig\/twig\/src\/Environment.php(318): Twig\\Loader\\FilesystemLoader->getCacheKey()\n#2 \/var\/www\/html\/collab\/vendor\/twig\/twig\/src\/Environment.php(371): Twig\\Environment->getTemplateClass()\n#3 \/var\/www\/html\/collab\/vendor\/twig\/twig\/src\/Environment.php(334): Twig\\Environment->load()\n#4 \/var\/www\/html\/collab\/app\/Core\/Controller.php(28): Twig\\Environment->render()\n#5 \/var\/www\/html\/collab\/app\/Controllers\/AuthController.php(128): App\\Core\\Controller->render()\n#6 \/var\/www\/html\/collab\/app\/Core\/Router.php(84): App\\Controllers\\AuthController->dashboard()\n#7 \/var\/www\/html\/collab\/public\/index.php(31): App\\Core\\Router->dispatch()\n#8 {main}"}
[2025-02-11 13:49:22] [ERROR] Unable to find template "/Participants/.twig" (looked into: /var/www/html/collab/app/Core/../views). {"file":"\/var\/www\/html\/collab\/vendor\/twig\/twig\/src\/Loader\/FilesystemLoader.php","line":234,"trace":"#0 \/var\/www\/html\/collab\/vendor\/twig\/twig\/src\/Loader\/FilesystemLoader.php(138): Twig\\Loader\\FilesystemLoader->findTemplate()\n#1 \/var\/www\/html\/collab\/vendor\/twig\/twig\/src\/Environment.php(318): Twig\\Loader\\FilesystemLoader->getCacheKey()\n#2 \/var\/www\/html\/collab\/vendor\/twig\/twig\/src\/Environment.php(371): Twig\\Environment->getTemplateClass()\n#3 \/var\/www\/html\/collab\/vendor\/twig\/twig\/src\/Environment.php(334): Twig\\Environment->load()\n#4 \/var\/www\/html\/collab\/app\/Core\/Controller.php(28): Twig\\Environment->render()\n#5 \/var\/www\/html\/collab\/app\/Controllers\/AuthController.php(128): App\\Core\\Controller->render()\n#6 \/var\/www\/html\/collab\/app\/Core\/Router.php(84): App\\Controllers\\AuthController->dashboard()\n#7 \/var\/www\/html\/collab\/public\/index.php(31): App\\Core\\Router->dispatch()\n#8 {main}"}
[2025-02-11 13:49:22] [ERROR] Unable to find template "/Participants/.twig" (looked into: /var/www/html/collab/app/Core/../views). {"file":"\/var\/www\/html\/collab\/vendor\/twig\/twig\/src\/Loader\/FilesystemLoader.php","line":234,"trace":"#0 \/var\/www\/html\/collab\/vendor\/twig\/twig\/src\/Loader\/FilesystemLoader.php(138): Twig\\Loader\\FilesystemLoader->findTemplate()\n#1 \/var\/www\/html\/collab\/vendor\/twig\/twig\/src\/Environment.php(318): Twig\\Loader\\FilesystemLoader->getCacheKey()\n#2 \/var\/www\/html\/collab\/vendor\/twig\/twig\/src\/Environment.php(371): Twig\\Environment->getTemplateClass()\n#3 \/var\/www\/html\/collab\/vendor\/twig\/twig\/src\/Environment.php(334): Twig\\Environment->load()\n#4 \/var\/www\/html\/collab\/app\/Core\/Controller.php(28): Twig\\Environment->render()\n#5 \/var\/www\/html\/collab\/app\/Controllers\/AuthController.php(128): App\\Core\\Controller->render()\n#6 \/var\/www\/html\/collab\/app\/Core\/Router.php(84): App\\Controllers\\AuthController->dashboard()\n#7 \/var\/www\/html\/collab\/public\/index.php(31): App\\Core\\Router->dispatch()\n#8 {main}"}
[2025-02-11 13:49:23] [ERROR] Unable to find template "/Participants/.twig" (looked into: /var/www/html/collab/app/Core/../views). {"file":"\/var\/www\/html\/collab\/vendor\/twig\/twig\/src\/Loader\/FilesystemLoader.php","line":234,"trace":"#0 \/var\/www\/html\/collab\/vendor\/twig\/twig\/src\/Loader\/FilesystemLoader.php(138): Twig\\Loader\\FilesystemLoader->findTemplate()\n#1 \/var\/www\/html\/collab\/vendor\/twig\/twig\/src\/Environment.php(318): Twig\\Loader\\FilesystemLoader->getCacheKey()\n#2 \/var\/www\/html\/collab\/vendor\/twig\/twig\/src\/Environment.php(371): Twig\\Environment->getTemplateClass()\n#3 \/var\/www\/html\/collab\/vendor\/twig\/twig\/src\/Environment.php(334): Twig\\Environment->load()\n#4 \/var\/www\/html\/collab\/app\/Core\/Controller.php(28): Twig\\Environment->render()\n#5 \/var\/www\/html\/collab\/app\/Controllers\/AuthController.php(128): App\\Core\\Controller->render()\n#6 \/var\/www\/html\/collab\/app\/Core\/Router.php(84): App\\Controllers\\AuthController->dashboard()\n#7 \/var\/www\/html\/collab\/public\/index.php(31): App\\Core\\Router->dispatch()\n#8 {main}"}
[2025-02-11 13:49:23] [ERROR] Unable to find template "/Participants/.twig" (looked into: /var/www/html/collab/app/Core/../views). {"file":"\/var\/www\/html\/collab\/vendor\/twig\/twig\/src\/Loader\/FilesystemLoader.php","line":234,"trace":"#0 \/var\/www\/html\/collab\/vendor\/twig\/twig\/src\/Loader\/FilesystemLoader.php(138): Twig\\Loader\\FilesystemLoader->findTemplate()\n#1 \/var\/www\/html\/collab\/vendor\/twig\/twig\/src\/Environment.php(318): Twig\\Loader\\FilesystemLoader->getCacheKey()\n#2 \/var\/www\/html\/collab\/vendor\/twig\/twig\/src\/Environment.php(371): Twig\\Environment->getTemplateClass()\n#3 \/var\/www\/html\/collab\/vendor\/twig\/twig\/src\/Environment.php(334): Twig\\Environment->load()\n#4 \/var\/www\/html\/collab\/app\/Core\/Controller.php(28): Twig\\Environment->render()\n#5 \/var\/www\/html\/collab\/app\/Controllers\/AuthController.php(128): App\\Core\\Controller->render()\n#6 \/var\/www\/html\/collab\/app\/Core\/Router.php(84): App\\Controllers\\AuthController->dashboard()\n#7 \/var\/www\/html\/collab\/public\/index.php(31): App\\Core\\Router->dispatch()\n#8 {main}"}
[2025-02-11 13:49:23] [ERROR] Unable to find template "/Participants/.twig" (looked into: /var/www/html/collab/app/Core/../views). {"file":"\/var\/www\/html\/collab\/vendor\/twig\/twig\/src\/Loader\/FilesystemLoader.php","line":234,"trace":"#0 \/var\/www\/html\/collab\/vendor\/twig\/twig\/src\/Loader\/FilesystemLoader.php(138): Twig\\Loader\\FilesystemLoader->findTemplate()\n#1 \/var\/www\/html\/collab\/vendor\/twig\/twig\/src\/Environment.php(318): Twig\\Loader\\FilesystemLoader->getCacheKey()\n#2 \/var\/www\/html\/collab\/vendor\/twig\/twig\/src\/Environment.php(371): Twig\\Environment->getTemplateClass()\n#3 \/var\/www\/html\/collab\/vendor\/twig\/twig\/src\/Environment.php(334): Twig\\Environment->load()\n#4 \/var\/www\/html\/collab\/app\/Core\/Controller.php(28): Twig\\Environment->render()\n#5 \/var\/www\/html\/collab\/app\/Controllers\/AuthController.php(128): App\\Core\\Controller->render()\n#6 \/var\/www\/html\/collab\/app\/Core\/Router.php(84): App\\Controllers\\AuthController->dashboard()\n#7 \/var\/www\/html\/collab\/public\/index.php(31): App\\Core\\Router->dispatch()\n#8 {main}"}
[2025-02-11 13:49:34] [ERROR] Unable to find template "/Participants/index.twig" (looked into: /var/www/html/collab/app/Core/../views). {"file":"\/var\/www\/html\/collab\/vendor\/twig\/twig\/src\/Loader\/FilesystemLoader.php","line":234,"trace":"#0 \/var\/www\/html\/collab\/vendor\/twig\/twig\/src\/Loader\/FilesystemLoader.php(138): Twig\\Loader\\FilesystemLoader->findTemplate()\n#1 \/var\/www\/html\/collab\/vendor\/twig\/twig\/src\/Environment.php(318): Twig\\Loader\\FilesystemLoader->getCacheKey()\n#2 \/var\/www\/html\/collab\/vendor\/twig\/twig\/src\/Environment.php(371): Twig\\Environment->getTemplateClass()\n#3 \/var\/www\/html\/collab\/vendor\/twig\/twig\/src\/Environment.php(334): Twig\\Environment->load()\n#4 \/var\/www\/html\/collab\/app\/Core\/Controller.php(28): Twig\\Environment->render()\n#5 \/var\/www\/html\/collab\/app\/Controllers\/AuthController.php(128): App\\Core\\Controller->render()\n#6 \/var\/www\/html\/collab\/app\/Core\/Router.php(84): App\\Controllers\\AuthController->dashboard()\n#7 \/var\/www\/html\/collab\/public\/index.php(31): App\\Core\\Router->dispatch()\n#8 {main}"}
[2025-02-11 13:49:34] [ERROR] Unable to find template "/Participants/index.twig" (looked into: /var/www/html/collab/app/Core/../views). {"file":"\/var\/www\/html\/collab\/vendor\/twig\/twig\/src\/Loader\/FilesystemLoader.php","line":234,"trace":"#0 \/var\/www\/html\/collab\/vendor\/twig\/twig\/src\/Loader\/FilesystemLoader.php(138): Twig\\Loader\\FilesystemLoader->findTemplate()\n#1 \/var\/www\/html\/collab\/vendor\/twig\/twig\/src\/Environment.php(318): Twig\\Loader\\FilesystemLoader->getCacheKey()\n#2 \/var\/www\/html\/collab\/vendor\/twig\/twig\/src\/Environment.php(371): Twig\\Environment->getTemplateClass()\n#3 \/var\/www\/html\/collab\/vendor\/twig\/twig\/src\/Environment.php(334): Twig\\Environment->load()\n#4 \/var\/www\/html\/collab\/app\/Core\/Controller.php(28): Twig\\Environment->render()\n#5 \/var\/www\/html\/collab\/app\/Controllers\/AuthController.php(128): App\\Core\\Controller->render()\n#6 \/var\/www\/html\/collab\/app\/Core\/Router.php(84): App\\Controllers\\AuthController->dashboard()\n#7 \/var\/www\/html\/collab\/public\/index.php(31): App\\Core\\Router->dispatch()\n#8 {main}"}
[2025-02-11 13:49:34] [ERROR] Unable to find template "/Participants/index.twig" (looked into: /var/www/html/collab/app/Core/../views). {"file":"\/var\/www\/html\/collab\/vendor\/twig\/twig\/src\/Loader\/FilesystemLoader.php","line":234,"trace":"#0 \/var\/www\/html\/collab\/vendor\/twig\/twig\/src\/Loader\/FilesystemLoader.php(138): Twig\\Loader\\FilesystemLoader->findTemplate()\n#1 \/var\/www\/html\/collab\/vendor\/twig\/twig\/src\/Environment.php(318): Twig\\Loader\\FilesystemLoader->getCacheKey()\n#2 \/var\/www\/html\/collab\/vendor\/twig\/twig\/src\/Environment.php(371): Twig\\Environment->getTemplateClass()\n#3 \/var\/www\/html\/collab\/vendor\/twig\/twig\/src\/Environment.php(334): Twig\\Environment->load()\n#4 \/var\/www\/html\/collab\/app\/Core\/Controller.php(28): Twig\\Environment->render()\n#5 \/var\/www\/html\/collab\/app\/Controllers\/AuthController.php(128): App\\Core\\Controller->render()\n#6 \/var\/www\/html\/collab\/app\/Core\/Router.php(84): App\\Controllers\\AuthController->dashboard()\n#7 \/var\/www\/html\/collab\/public\/index.php(31): App\\Core\\Router->dispatch()\n#8 {main}"}
[2025-02-11 13:49:35] [ERROR] Unable to find template "/Participants/index.twig" (looked into: /var/www/html/collab/app/Core/../views). {"file":"\/var\/www\/html\/collab\/vendor\/twig\/twig\/src\/Loader\/FilesystemLoader.php","line":234,"trace":"#0 \/var\/www\/html\/collab\/vendor\/twig\/twig\/src\/Loader\/FilesystemLoader.php(138): Twig\\Loader\\FilesystemLoader->findTemplate()\n#1 \/var\/www\/html\/collab\/vendor\/twig\/twig\/src\/Environment.php(318): Twig\\Loader\\FilesystemLoader->getCacheKey()\n#2 \/var\/www\/html\/collab\/vendor\/twig\/twig\/src\/Environment.php(371): Twig\\Environment->getTemplateClass()\n#3 \/var\/www\/html\/collab\/vendor\/twig\/twig\/src\/Environment.php(334): Twig\\Environment->load()\n#4 \/var\/www\/html\/collab\/app\/Core\/Controller.php(28): Twig\\Environment->render()\n#5 \/var\/www\/html\/collab\/app\/Controllers\/AuthController.php(128): App\\Core\\Controller->render()\n#6 \/var\/www\/html\/collab\/app\/Core\/Router.php(84): App\\Controllers\\AuthController->dashboard()\n#7 \/var\/www\/html\/collab\/public\/index.php(31): App\\Core\\Router->dispatch()\n#8 {main}"}
[2025-02-11 13:49:35] [ERROR] Unable to find template "/Participants/index.twig" (looked into: /var/www/html/collab/app/Core/../views). {"file":"\/var\/www\/html\/collab\/vendor\/twig\/twig\/src\/Loader\/FilesystemLoader.php","line":234,"trace":"#0 \/var\/www\/html\/collab\/vendor\/twig\/twig\/src\/Loader\/FilesystemLoader.php(138): Twig\\Loader\\FilesystemLoader->findTemplate()\n#1 \/var\/www\/html\/collab\/vendor\/twig\/twig\/src\/Environment.php(318): Twig\\Loader\\FilesystemLoader->getCacheKey()\n#2 \/var\/www\/html\/collab\/vendor\/twig\/twig\/src\/Environment.php(371): Twig\\Environment->getTemplateClass()\n#3 \/var\/www\/html\/collab\/vendor\/twig\/twig\/src\/Environment.php(334): Twig\\Environment->load()\n#4 \/var\/www\/html\/collab\/app\/Core\/Controller.php(28): Twig\\Environment->render()\n#5 \/var\/www\/html\/collab\/app\/Controllers\/AuthController.php(128): App\\Core\\Controller->render()\n#6 \/var\/www\/html\/collab\/app\/Core\/Router.php(84): App\\Controllers\\AuthController->dashboard()\n#7 \/var\/www\/html\/collab\/public\/index.php(31): App\\Core\\Router->dispatch()\n#8 {main}"}
[2025-02-11 13:50:24] [ERROR] Unable to find template "/Participants/index.twig" (looked into: /var/www/html/collab/app/Core/../views). {"file":"\/var\/www\/html\/collab\/vendor\/twig\/twig\/src\/Loader\/FilesystemLoader.php","line":234,"trace":"#0 \/var\/www\/html\/collab\/vendor\/twig\/twig\/src\/Loader\/FilesystemLoader.php(138): Twig\\Loader\\FilesystemLoader->findTemplate()\n#1 \/var\/www\/html\/collab\/vendor\/twig\/twig\/src\/Environment.php(318): Twig\\Loader\\FilesystemLoader->getCacheKey()\n#2 \/var\/www\/html\/collab\/vendor\/twig\/twig\/src\/Environment.php(371): Twig\\Environment->getTemplateClass()\n#3 \/var\/www\/html\/collab\/vendor\/twig\/twig\/src\/Environment.php(334): Twig\\Environment->load()\n#4 \/var\/www\/html\/collab\/app\/Core\/Controller.php(28): Twig\\Environment->render()\n#5 \/var\/www\/html\/collab\/app\/Controllers\/AuthController.php(128): App\\Core\\Controller->render()\n#6 \/var\/www\/html\/collab\/app\/Core\/Router.php(84): App\\Controllers\\AuthController->dashboard()\n#7 \/var\/www\/html\/collab\/public\/index.php(31): App\\Core\\Router->dispatch()\n#8 {main}"}
[2025-02-11 13:50:24] [ERROR] Unable to find template "/Participants/index.twig" (looked into: /var/www/html/collab/app/Core/../views). {"file":"\/var\/www\/html\/collab\/vendor\/twig\/twig\/src\/Loader\/FilesystemLoader.php","line":234,"trace":"#0 \/var\/www\/html\/collab\/vendor\/twig\/twig\/src\/Loader\/FilesystemLoader.php(138): Twig\\Loader\\FilesystemLoader->findTemplate()\n#1 \/var\/www\/html\/collab\/vendor\/twig\/twig\/src\/Environment.php(318): Twig\\Loader\\FilesystemLoader->getCacheKey()\n#2 \/var\/www\/html\/collab\/vendor\/twig\/twig\/src\/Environment.php(371): Twig\\Environment->getTemplateClass()\n#3 \/var\/www\/html\/collab\/vendor\/twig\/twig\/src\/Environment.php(334): Twig\\Environment->load()\n#4 \/var\/www\/html\/collab\/app\/Core\/Controller.php(28): Twig\\Environment->render()\n#5 \/var\/www\/html\/collab\/app\/Controllers\/AuthController.php(128): App\\Core\\Controller->render()\n#6 \/var\/www\/html\/collab\/app\/Core\/Router.php(84): App\\Controllers\\AuthController->dashboard()\n#7 \/var\/www\/html\/collab\/public\/index.php(31): App\\Core\\Router->dispatch()\n#8 {main}"}
[2025-02-11 13:50:25] [ERROR] Unable to find template "/Participants/index.twig" (looked into: /var/www/html/collab/app/Core/../views). {"file":"\/var\/www\/html\/collab\/vendor\/twig\/twig\/src\/Loader\/FilesystemLoader.php","line":234,"trace":"#0 \/var\/www\/html\/collab\/vendor\/twig\/twig\/src\/Loader\/FilesystemLoader.php(138): Twig\\Loader\\FilesystemLoader->findTemplate()\n#1 \/var\/www\/html\/collab\/vendor\/twig\/twig\/src\/Environment.php(318): Twig\\Loader\\FilesystemLoader->getCacheKey()\n#2 \/var\/www\/html\/collab\/vendor\/twig\/twig\/src\/Environment.php(371): Twig\\Environment->getTemplateClass()\n#3 \/var\/www\/html\/collab\/vendor\/twig\/twig\/src\/Environment.php(334): Twig\\Environment->load()\n#4 \/var\/www\/html\/collab\/app\/Core\/Controller.php(28): Twig\\Environment->render()\n#5 \/var\/www\/html\/collab\/app\/Controllers\/AuthController.php(128): App\\Core\\Controller->render()\n#6 \/var\/www\/html\/collab\/app\/Core\/Router.php(84): App\\Controllers\\AuthController->dashboard()\n#7 \/var\/www\/html\/collab\/public\/index.php(31): App\\Core\\Router->dispatch()\n#8 {main}"}
[2025-02-11 13:50:25] [ERROR] Unable to find template "/Participants/index.twig" (looked into: /var/www/html/collab/app/Core/../views). {"file":"\/var\/www\/html\/collab\/vendor\/twig\/twig\/src\/Loader\/FilesystemLoader.php","line":234,"trace":"#0 \/var\/www\/html\/collab\/vendor\/twig\/twig\/src\/Loader\/FilesystemLoader.php(138): Twig\\Loader\\FilesystemLoader->findTemplate()\n#1 \/var\/www\/html\/collab\/vendor\/twig\/twig\/src\/Environment.php(318): Twig\\Loader\\FilesystemLoader->getCacheKey()\n#2 \/var\/www\/html\/collab\/vendor\/twig\/twig\/src\/Environment.php(371): Twig\\Environment->getTemplateClass()\n#3 \/var\/www\/html\/collab\/vendor\/twig\/twig\/src\/Environment.php(334): Twig\\Environment->load()\n#4 \/var\/www\/html\/collab\/app\/Core\/Controller.php(28): Twig\\Environment->render()\n#5 \/var\/www\/html\/collab\/app\/Controllers\/AuthController.php(128): App\\Core\\Controller->render()\n#6 \/var\/www\/html\/collab\/app\/Core\/Router.php(84): App\\Controllers\\AuthController->dashboard()\n#7 \/var\/www\/html\/collab\/public\/index.php(31): App\\Core\\Router->dispatch()\n#8 {main}"}
[2025-02-11 13:50:25] [ERROR] Unable to find template "/Participants/index.twig" (looked into: /var/www/html/collab/app/Core/../views). {"file":"\/var\/www\/html\/collab\/vendor\/twig\/twig\/src\/Loader\/FilesystemLoader.php","line":234,"trace":"#0 \/var\/www\/html\/collab\/vendor\/twig\/twig\/src\/Loader\/FilesystemLoader.php(138): Twig\\Loader\\FilesystemLoader->findTemplate()\n#1 \/var\/www\/html\/collab\/vendor\/twig\/twig\/src\/Environment.php(318): Twig\\Loader\\FilesystemLoader->getCacheKey()\n#2 \/var\/www\/html\/collab\/vendor\/twig\/twig\/src\/Environment.php(371): Twig\\Environment->getTemplateClass()\n#3 \/var\/www\/html\/collab\/vendor\/twig\/twig\/src\/Environment.php(334): Twig\\Environment->load()\n#4 \/var\/www\/html\/collab\/app\/Core\/Controller.php(28): Twig\\Environment->render()\n#5 \/var\/www\/html\/collab\/app\/Controllers\/AuthController.php(128): App\\Core\\Controller->render()\n#6 \/var\/www\/html\/collab\/app\/Core\/Router.php(84): App\\Controllers\\AuthController->dashboard()\n#7 \/var\/www\/html\/collab\/public\/index.php(31): App\\Core\\Router->dispatch()\n#8 {main}"}
[2025-02-11 13:50:25] [ERROR] Unable to find template "/Participants/index.twig" (looked into: /var/www/html/collab/app/Core/../views). {"file":"\/var\/www\/html\/collab\/vendor\/twig\/twig\/src\/Loader\/FilesystemLoader.php","line":234,"trace":"#0 \/var\/www\/html\/collab\/vendor\/twig\/twig\/src\/Loader\/FilesystemLoader.php(138): Twig\\Loader\\FilesystemLoader->findTemplate()\n#1 \/var\/www\/html\/collab\/vendor\/twig\/twig\/src\/Environment.php(318): Twig\\Loader\\FilesystemLoader->getCacheKey()\n#2 \/var\/www\/html\/collab\/vendor\/twig\/twig\/src\/Environment.php(371): Twig\\Environment->getTemplateClass()\n#3 \/var\/www\/html\/collab\/vendor\/twig\/twig\/src\/Environment.php(334): Twig\\Environment->load()\n#4 \/var\/www\/html\/collab\/app\/Core\/Controller.php(28): Twig\\Environment->render()\n#5 \/var\/www\/html\/collab\/app\/Controllers\/AuthController.php(128): App\\Core\\Controller->render()\n#6 \/var\/www\/html\/collab\/app\/Core\/Router.php(84): App\\Controllers\\AuthController->dashboard()\n#7 \/var\/www\/html\/collab\/public\/index.php(31): App\\Core\\Router->dispatch()\n#8 {main}"}
[2025-02-11 13:50:25] [ERROR] Unable to find template "/Participants/index.twig" (looked into: /var/www/html/collab/app/Core/../views). {"file":"\/var\/www\/html\/collab\/vendor\/twig\/twig\/src\/Loader\/FilesystemLoader.php","line":234,"trace":"#0 \/var\/www\/html\/collab\/vendor\/twig\/twig\/src\/Loader\/FilesystemLoader.php(138): Twig\\Loader\\FilesystemLoader->findTemplate()\n#1 \/var\/www\/html\/collab\/vendor\/twig\/twig\/src\/Environment.php(318): Twig\\Loader\\FilesystemLoader->getCacheKey()\n#2 \/var\/www\/html\/collab\/vendor\/twig\/twig\/src\/Environment.php(371): Twig\\Environment->getTemplateClass()\n#3 \/var\/www\/html\/collab\/vendor\/twig\/twig\/src\/Environment.php(334): Twig\\Environment->load()\n#4 \/var\/www\/html\/collab\/app\/Core\/Controller.php(28): Twig\\Environment->render()\n#5 \/var\/www\/html\/collab\/app\/Controllers\/AuthController.php(128): App\\Core\\Controller->render()\n#6 \/var\/www\/html\/collab\/app\/Core\/Router.php(84): App\\Controllers\\AuthController->dashboard()\n#7 \/var\/www\/html\/collab\/public\/index.php(31): App\\Core\\Router->dispatch()\n#8 {main}"}
[2025-02-11 13:50:25] [ERROR] Unable to find template "/Participants/index.twig" (looked into: /var/www/html/collab/app/Core/../views). {"file":"\/var\/www\/html\/collab\/vendor\/twig\/twig\/src\/Loader\/FilesystemLoader.php","line":234,"trace":"#0 \/var\/www\/html\/collab\/vendor\/twig\/twig\/src\/Loader\/FilesystemLoader.php(138): Twig\\Loader\\FilesystemLoader->findTemplate()\n#1 \/var\/www\/html\/collab\/vendor\/twig\/twig\/src\/Environment.php(318): Twig\\Loader\\FilesystemLoader->getCacheKey()\n#2 \/var\/www\/html\/collab\/vendor\/twig\/twig\/src\/Environment.php(371): Twig\\Environment->getTemplateClass()\n#3 \/var\/www\/html\/collab\/vendor\/twig\/twig\/src\/Environment.php(334): Twig\\Environment->load()\n#4 \/var\/www\/html\/collab\/app\/Core\/Controller.php(28): Twig\\Environment->render()\n#5 \/var\/www\/html\/collab\/app\/Controllers\/AuthController.php(128): App\\Core\\Controller->render()\n#6 \/var\/www\/html\/collab\/app\/Core\/Router.php(84): App\\Controllers\\AuthController->dashboard()\n#7 \/var\/www\/html\/collab\/public\/index.php(31): App\\Core\\Router->dispatch()\n#8 {main}"}
[2025-02-11 13:50:26] [ERROR] Unable to find template "/Participants/index.twig" (looked into: /var/www/html/collab/app/Core/../views). {"file":"\/var\/www\/html\/collab\/vendor\/twig\/twig\/src\/Loader\/FilesystemLoader.php","line":234,"trace":"#0 \/var\/www\/html\/collab\/vendor\/twig\/twig\/src\/Loader\/FilesystemLoader.php(138): Twig\\Loader\\FilesystemLoader->findTemplate()\n#1 \/var\/www\/html\/collab\/vendor\/twig\/twig\/src\/Environment.php(318): Twig\\Loader\\FilesystemLoader->getCacheKey()\n#2 \/var\/www\/html\/collab\/vendor\/twig\/twig\/src\/Environment.php(371): Twig\\Environment->getTemplateClass()\n#3 \/var\/www\/html\/collab\/vendor\/twig\/twig\/src\/Environment.php(334): Twig\\Environment->load()\n#4 \/var\/www\/html\/collab\/app\/Core\/Controller.php(28): Twig\\Environment->render()\n#5 \/var\/www\/html\/collab\/app\/Controllers\/AuthController.php(128): App\\Core\\Controller->render()\n#6 \/var\/www\/html\/collab\/app\/Core\/Router.php(84): App\\Controllers\\AuthController->dashboard()\n#7 \/var\/www\/html\/collab\/public\/index.php(31): App\\Core\\Router->dispatch()\n#8 {main}"}
[2025-02-11 13:50:26] [ERROR] Unable to find template "/Participants/index.twig" (looked into: /var/www/html/collab/app/Core/../views). {"file":"\/var\/www\/html\/collab\/vendor\/twig\/twig\/src\/Loader\/FilesystemLoader.php","line":234,"trace":"#0 \/var\/www\/html\/collab\/vendor\/twig\/twig\/src\/Loader\/FilesystemLoader.php(138): Twig\\Loader\\FilesystemLoader->findTemplate()\n#1 \/var\/www\/html\/collab\/vendor\/twig\/twig\/src\/Environment.php(318): Twig\\Loader\\FilesystemLoader->getCacheKey()\n#2 \/var\/www\/html\/collab\/vendor\/twig\/twig\/src\/Environment.php(371): Twig\\Environment->getTemplateClass()\n#3 \/var\/www\/html\/collab\/vendor\/twig\/twig\/src\/Environment.php(334): Twig\\Environment->load()\n#4 \/var\/www\/html\/collab\/app\/Core\/Controller.php(28): Twig\\Environment->render()\n#5 \/var\/www\/html\/collab\/app\/Controllers\/AuthController.php(128): App\\Core\\Controller->render()\n#6 \/var\/www\/html\/collab\/app\/Core\/Router.php(84): App\\Controllers\\AuthController->dashboard()\n#7 \/var\/www\/html\/collab\/public\/index.php(31): App\\Core\\Router->dispatch()\n#8 {main}"}
[2025-02-11 13:50:27] [ERROR] Unable to find template "/Participants/index.twig" (looked into: /var/www/html/collab/app/Core/../views). {"file":"\/var\/www\/html\/collab\/vendor\/twig\/twig\/src\/Loader\/FilesystemLoader.php","line":234,"trace":"#0 \/var\/www\/html\/collab\/vendor\/twig\/twig\/src\/Loader\/FilesystemLoader.php(138): Twig\\Loader\\FilesystemLoader->findTemplate()\n#1 \/var\/www\/html\/collab\/vendor\/twig\/twig\/src\/Environment.php(318): Twig\\Loader\\FilesystemLoader->getCacheKey()\n#2 \/var\/www\/html\/collab\/vendor\/twig\/twig\/src\/Environment.php(371): Twig\\Environment->getTemplateClass()\n#3 \/var\/www\/html\/collab\/vendor\/twig\/twig\/src\/Environment.php(334): Twig\\Environment->load()\n#4 \/var\/www\/html\/collab\/app\/Core\/Controller.php(28): Twig\\Environment->render()\n#5 \/var\/www\/html\/collab\/app\/Controllers\/AuthController.php(128): App\\Core\\Controller->render()\n#6 \/var\/www\/html\/collab\/app\/Core\/Router.php(84): App\\Controllers\\AuthController->dashboard()\n#7 \/var\/www\/html\/collab\/public\/index.php(31): App\\Core\\Router->dispatch()\n#8 {main}"}
[2025-02-11 13:50:27] [ERROR] Unable to find template "/Participants/index.twig" (looked into: /var/www/html/collab/app/Core/../views). {"file":"\/var\/www\/html\/collab\/vendor\/twig\/twig\/src\/Loader\/FilesystemLoader.php","line":234,"trace":"#0 \/var\/www\/html\/collab\/vendor\/twig\/twig\/src\/Loader\/FilesystemLoader.php(138): Twig\\Loader\\FilesystemLoader->findTemplate()\n#1 \/var\/www\/html\/collab\/vendor\/twig\/twig\/src\/Environment.php(318): Twig\\Loader\\FilesystemLoader->getCacheKey()\n#2 \/var\/www\/html\/collab\/vendor\/twig\/twig\/src\/Environment.php(371): Twig\\Environment->getTemplateClass()\n#3 \/var\/www\/html\/collab\/vendor\/twig\/twig\/src\/Environment.php(334): Twig\\Environment->load()\n#4 \/var\/www\/html\/collab\/app\/Core\/Controller.php(28): Twig\\Environment->render()\n#5 \/var\/www\/html\/collab\/app\/Controllers\/AuthController.php(128): App\\Core\\Controller->render()\n#6 \/var\/www\/html\/collab\/app\/Core\/Router.php(84): App\\Controllers\\AuthController->dashboard()\n#7 \/var\/www\/html\/collab\/public\/index.php(31): App\\Core\\Router->dispatch()\n#8 {main}"}
[2025-02-11 13:50:27] [ERROR] Unable to find template "/Participants/index.twig" (looked into: /var/www/html/collab/app/Core/../views). {"file":"\/var\/www\/html\/collab\/vendor\/twig\/twig\/src\/Loader\/FilesystemLoader.php","line":234,"trace":"#0 \/var\/www\/html\/collab\/vendor\/twig\/twig\/src\/Loader\/FilesystemLoader.php(138): Twig\\Loader\\FilesystemLoader->findTemplate()\n#1 \/var\/www\/html\/collab\/vendor\/twig\/twig\/src\/Environment.php(318): Twig\\Loader\\FilesystemLoader->getCacheKey()\n#2 \/var\/www\/html\/collab\/vendor\/twig\/twig\/src\/Environment.php(371): Twig\\Environment->getTemplateClass()\n#3 \/var\/www\/html\/collab\/vendor\/twig\/twig\/src\/Environment.php(334): Twig\\Environment->load()\n#4 \/var\/www\/html\/collab\/app\/Core\/Controller.php(28): Twig\\Environment->render()\n#5 \/var\/www\/html\/collab\/app\/Controllers\/AuthController.php(128): App\\Core\\Controller->render()\n#6 \/var\/www\/html\/collab\/app\/Core\/Router.php(84): App\\Controllers\\AuthController->dashboard()\n#7 \/var\/www\/html\/collab\/public\/index.php(31): App\\Core\\Router->dispatch()\n#8 {main}"}
[2025-02-11 13:54:03] [ERROR] Unable to find template "base.twig" (looked into: /var/www/html/collab/app/Core/../views) in "Participants/index.twig" at line 1. {"file":"\/var\/www\/html\/collab\/vendor\/twig\/twig\/src\/Loader\/FilesystemLoader.php","line":234,"trace":"#0 \/var\/www\/html\/collab\/vendor\/twig\/twig\/src\/Loader\/FilesystemLoader.php(138): Twig\\Loader\\FilesystemLoader->findTemplate()\n#1 \/var\/www\/html\/collab\/vendor\/twig\/twig\/src\/Environment.php(318): Twig\\Loader\\FilesystemLoader->getCacheKey()\n#2 \/var\/www\/html\/collab\/vendor\/twig\/twig\/src\/Template.php(296): Twig\\Environment->getTemplateClass()\n#3 \/var\/www\/html\/collab\/vendor\/twig\/twig\/src\/Environment.php(421) : eval()'d code(47): Twig\\Template->loadTemplate()\n#4 \/var\/www\/html\/collab\/vendor\/twig\/twig\/src\/Template.php(388): __TwigTemplate_fb17235f58a268caf89d4bbb29e42e9a->doDisplay()\n#5 \/var\/www\/html\/collab\/vendor\/twig\/twig\/src\/Template.php(344): Twig\\Template->yield()\n#6 \/var\/www\/html\/collab\/vendor\/twig\/twig\/src\/Template.php(359): Twig\\Template->display()\n#7 \/var\/www\/html\/collab\/vendor\/twig\/twig\/src\/TemplateWrapper.php(51): Twig\\Template->render()\n#8 \/var\/www\/html\/collab\/vendor\/twig\/twig\/src\/Environment.php(334): Twig\\TemplateWrapper->render()\n#9 \/var\/www\/html\/collab\/app\/Core\/Controller.php(28): Twig\\Environment->render()\n#10 \/var\/www\/html\/collab\/app\/Controllers\/AuthController.php(128): App\\Core\\Controller->render()\n#11 \/var\/www\/html\/collab\/app\/Core\/Router.php(84): App\\Controllers\\AuthController->dashboard()\n#12 \/var\/www\/html\/collab\/public\/index.php(31): App\\Core\\Router->dispatch()\n#13 {main}"}
[2025-02-11 13:54:04] [ERROR] Unable to find template "base.twig" (looked into: /var/www/html/collab/app/Core/../views) in "Participants/index.twig" at line 1. {"file":"\/var\/www\/html\/collab\/vendor\/twig\/twig\/src\/Loader\/FilesystemLoader.php","line":234,"trace":"#0 \/var\/www\/html\/collab\/vendor\/twig\/twig\/src\/Loader\/FilesystemLoader.php(138): Twig\\Loader\\FilesystemLoader->findTemplate()\n#1 \/var\/www\/html\/collab\/vendor\/twig\/twig\/src\/Environment.php(318): Twig\\Loader\\FilesystemLoader->getCacheKey()\n#2 \/var\/www\/html\/collab\/vendor\/twig\/twig\/src\/Template.php(296): Twig\\Environment->getTemplateClass()\n#3 \/var\/www\/html\/collab\/vendor\/twig\/twig\/src\/Environment.php(421) : eval()'d code(47): Twig\\Template->loadTemplate()\n#4 \/var\/www\/html\/collab\/vendor\/twig\/twig\/src\/Template.php(388): __TwigTemplate_fb17235f58a268caf89d4bbb29e42e9a->doDisplay()\n#5 \/var\/www\/html\/collab\/vendor\/twig\/twig\/src\/Template.php(344): Twig\\Template->yield()\n#6 \/var\/www\/html\/collab\/vendor\/twig\/twig\/src\/Template.php(359): Twig\\Template->display()\n#7 \/var\/www\/html\/collab\/vendor\/twig\/twig\/src\/TemplateWrapper.php(51): Twig\\Template->render()\n#8 \/var\/www\/html\/collab\/vendor\/twig\/twig\/src\/Environment.php(334): Twig\\TemplateWrapper->render()\n#9 \/var\/www\/html\/collab\/app\/Core\/Controller.php(28): Twig\\Environment->render()\n#10 \/var\/www\/html\/collab\/app\/Controllers\/AuthController.php(128): App\\Core\\Controller->render()\n#11 \/var\/www\/html\/collab\/app\/Core\/Router.php(84): App\\Controllers\\AuthController->dashboard()\n#12 \/var\/www\/html\/collab\/public\/index.php(31): App\\Core\\Router->dispatch()\n#13 {main}"}
[2025-02-11 13:54:04] [ERROR] Unable to find template "base.twig" (looked into: /var/www/html/collab/app/Core/../views) in "Participants/index.twig" at line 1. {"file":"\/var\/www\/html\/collab\/vendor\/twig\/twig\/src\/Loader\/FilesystemLoader.php","line":234,"trace":"#0 \/var\/www\/html\/collab\/vendor\/twig\/twig\/src\/Loader\/FilesystemLoader.php(138): Twig\\Loader\\FilesystemLoader->findTemplate()\n#1 \/var\/www\/html\/collab\/vendor\/twig\/twig\/src\/Environment.php(318): Twig\\Loader\\FilesystemLoader->getCacheKey()\n#2 \/var\/www\/html\/collab\/vendor\/twig\/twig\/src\/Template.php(296): Twig\\Environment->getTemplateClass()\n#3 \/var\/www\/html\/collab\/vendor\/twig\/twig\/src\/Environment.php(421) : eval()'d code(47): Twig\\Template->loadTemplate()\n#4 \/var\/www\/html\/collab\/vendor\/twig\/twig\/src\/Template.php(388): __TwigTemplate_fb17235f58a268caf89d4bbb29e42e9a->doDisplay()\n#5 \/var\/www\/html\/collab\/vendor\/twig\/twig\/src\/Template.php(344): Twig\\Template->yield()\n#6 \/var\/www\/html\/collab\/vendor\/twig\/twig\/src\/Template.php(359): Twig\\Template->display()\n#7 \/var\/www\/html\/collab\/vendor\/twig\/twig\/src\/TemplateWrapper.php(51): Twig\\Template->render()\n#8 \/var\/www\/html\/collab\/vendor\/twig\/twig\/src\/Environment.php(334): Twig\\TemplateWrapper->render()\n#9 \/var\/www\/html\/collab\/app\/Core\/Controller.php(28): Twig\\Environment->render()\n#10 \/var\/www\/html\/collab\/app\/Controllers\/AuthController.php(128): App\\Core\\Controller->render()\n#11 \/var\/www\/html\/collab\/app\/Core\/Router.php(84): App\\Controllers\\AuthController->dashboard()\n#12 \/var\/www\/html\/collab\/public\/index.php(31): App\\Core\\Router->dispatch()\n#13 {main}"}
[2025-02-11 13:54:04] [ERROR] Unable to find template "base.twig" (looked into: /var/www/html/collab/app/Core/../views) in "Participants/index.twig" at line 1. {"file":"\/var\/www\/html\/collab\/vendor\/twig\/twig\/src\/Loader\/FilesystemLoader.php","line":234,"trace":"#0 \/var\/www\/html\/collab\/vendor\/twig\/twig\/src\/Loader\/FilesystemLoader.php(138): Twig\\Loader\\FilesystemLoader->findTemplate()\n#1 \/var\/www\/html\/collab\/vendor\/twig\/twig\/src\/Environment.php(318): Twig\\Loader\\FilesystemLoader->getCacheKey()\n#2 \/var\/www\/html\/collab\/vendor\/twig\/twig\/src\/Template.php(296): Twig\\Environment->getTemplateClass()\n#3 \/var\/www\/html\/collab\/vendor\/twig\/twig\/src\/Environment.php(421) : eval()'d code(47): Twig\\Template->loadTemplate()\n#4 \/var\/www\/html\/collab\/vendor\/twig\/twig\/src\/Template.php(388): __TwigTemplate_fb17235f58a268caf89d4bbb29e42e9a->doDisplay()\n#5 \/var\/www\/html\/collab\/vendor\/twig\/twig\/src\/Template.php(344): Twig\\Template->yield()\n#6 \/var\/www\/html\/collab\/vendor\/twig\/twig\/src\/Template.php(359): Twig\\Template->display()\n#7 \/var\/www\/html\/collab\/vendor\/twig\/twig\/src\/TemplateWrapper.php(51): Twig\\Template->render()\n#8 \/var\/www\/html\/collab\/vendor\/twig\/twig\/src\/Environment.php(334): Twig\\TemplateWrapper->render()\n#9 \/var\/www\/html\/collab\/app\/Core\/Controller.php(28): Twig\\Environment->render()\n#10 \/var\/www\/html\/collab\/app\/Controllers\/AuthController.php(128): App\\Core\\Controller->render()\n#11 \/var\/www\/html\/collab\/app\/Core\/Router.php(84): App\\Controllers\\AuthController->dashboard()\n#12 \/var\/www\/html\/collab\/public\/index.php(31): App\\Core\\Router->dispatch()\n#13 {main}"}
[2025-02-11 13:54:04] [ERROR] Unable to find template "base.twig" (looked into: /var/www/html/collab/app/Core/../views) in "Participants/index.twig" at line 1. {"file":"\/var\/www\/html\/collab\/vendor\/twig\/twig\/src\/Loader\/FilesystemLoader.php","line":234,"trace":"#0 \/var\/www\/html\/collab\/vendor\/twig\/twig\/src\/Loader\/FilesystemLoader.php(138): Twig\\Loader\\FilesystemLoader->findTemplate()\n#1 \/var\/www\/html\/collab\/vendor\/twig\/twig\/src\/Environment.php(318): Twig\\Loader\\FilesystemLoader->getCacheKey()\n#2 \/var\/www\/html\/collab\/vendor\/twig\/twig\/src\/Template.php(296): Twig\\Environment->getTemplateClass()\n#3 \/var\/www\/html\/collab\/vendor\/twig\/twig\/src\/Environment.php(421) : eval()'d code(47): Twig\\Template->loadTemplate()\n#4 \/var\/www\/html\/collab\/vendor\/twig\/twig\/src\/Template.php(388): __TwigTemplate_fb17235f58a268caf89d4bbb29e42e9a->doDisplay()\n#5 \/var\/www\/html\/collab\/vendor\/twig\/twig\/src\/Template.php(344): Twig\\Template->yield()\n#6 \/var\/www\/html\/collab\/vendor\/twig\/twig\/src\/Template.php(359): Twig\\Template->display()\n#7 \/var\/www\/html\/collab\/vendor\/twig\/twig\/src\/TemplateWrapper.php(51): Twig\\Template->render()\n#8 \/var\/www\/html\/collab\/vendor\/twig\/twig\/src\/Environment.php(334): Twig\\TemplateWrapper->render()\n#9 \/var\/www\/html\/collab\/app\/Core\/Controller.php(28): Twig\\Environment->render()\n#10 \/var\/www\/html\/collab\/app\/Controllers\/AuthController.php(128): App\\Core\\Controller->render()\n#11 \/var\/www\/html\/collab\/app\/Core\/Router.php(84): App\\Controllers\\AuthController->dashboard()\n#12 \/var\/www\/html\/collab\/public\/index.php(31): App\\Core\\Router->dispatch()\n#13 {main}"}
[2025-02-11 13:56:17] [ERROR] Route not found {"file":"\/var\/www\/html\/collab\/app\/Core\/Router.php","line":88,"trace":"#0 \/var\/www\/html\/collab\/public\/index.php(31): App\\Core\\Router->dispatch()\n#1 {main}"}
[2025-02-11 13:56:22] [ERROR] Route not found {"file":"\/var\/www\/html\/collab\/app\/Core\/Router.php","line":88,"trace":"#0 \/var\/www\/html\/collab\/public\/index.php(31): App\\Core\\Router->dispatch()\n#1 {main}"}
[2025-02-11 13:56:25] [ERROR] Route not found {"file":"\/var\/www\/html\/collab\/app\/Core\/Router.php","line":88,"trace":"#0 \/var\/www\/html\/collab\/public\/index.php(31): App\\Core\\Router->dispatch()\n#1 {main}"}
[2025-02-11 13:56:29] [ERROR] Route not found {"file":"\/var\/www\/html\/collab\/app\/Core\/Router.php","line":88,"trace":"#0 \/var\/www\/html\/collab\/public\/index.php(31): App\\Core\\Router->dispatch()\n#1 {main}"}
[2025-02-11 13:57:28] [ERROR] Route not found {"file":"\/var\/www\/html\/collab\/app\/Core\/Router.php","line":88,"trace":"#0 \/var\/www\/html\/collab\/public\/index.php(31): App\\Core\\Router->dispatch()\n#1 {main}"}
[2025-02-11 14:12:48] [ERROR] Route not found {"file":"\/var\/www\/html\/collab\/app\/Core\/Router.php","line":88,"trace":"#0 \/var\/www\/html\/collab\/public\/index.php(31): App\\Core\\Router->dispatch()\n#1 {main}"}
[2025-02-11 14:13:09] [ERROR] Route not found {"file":"\/var\/www\/html\/collab\/app\/Core\/Router.php","line":88,"trace":"#0 \/var\/www\/html\/collab\/public\/index.php(31): App\\Core\\Router->dispatch()\n#1 {main}"}
[2025-02-11 14:19:21] [ERROR] Route not found {"file":"\/var\/www\/html\/collab\/app\/Core\/Router.php","line":88,"trace":"#0 \/var\/www\/html\/collab\/public\/index.php(31): App\\Core\\Router->dispatch()\n#1 {main}"}
[2025-02-11 14:19:51] [ERROR] Route not found {"file":"\/var\/www\/html\/collab\/app\/Core\/Router.php","line":88,"trace":"#0 \/var\/www\/html\/collab\/public\/index.php(31): App\\Core\\Router->dispatch()\n#1 {main}"}
[2025-02-11 14:19:51] [ERROR] Route not found {"file":"\/var\/www\/html\/collab\/app\/Core\/Router.php","line":88,"trace":"#0 \/var\/www\/html\/collab\/public\/index.php(31): App\\Core\\Router->dispatch()\n#1 {main}"}
[2025-02-11 14:19:51] [ERROR] Route not found {"file":"\/var\/www\/html\/collab\/app\/Core\/Router.php","line":88,"trace":"#0 \/var\/www\/html\/collab\/public\/index.php(31): App\\Core\\Router->dispatch()\n#1 {main}"}
[2025-02-11 14:19:52] [ERROR] Route not found {"file":"\/var\/www\/html\/collab\/app\/Core\/Router.php","line":88,"trace":"#0 \/var\/www\/html\/collab\/public\/index.php(31): App\\Core\\Router->dispatch()\n#1 {main}"}
[2025-02-11 14:19:52] [ERROR] Route not found {"file":"\/var\/www\/html\/collab\/app\/Core\/Router.php","line":88,"trace":"#0 \/var\/www\/html\/collab\/public\/index.php(31): App\\Core\\Router->dispatch()\n#1 {main}"}
[2025-02-11 14:19:52] [ERROR] Route not found {"file":"\/var\/www\/html\/collab\/app\/Core\/Router.php","line":88,"trace":"#0 \/var\/www\/html\/collab\/public\/index.php(31): App\\Core\\Router->dispatch()\n#1 {main}"}
[2025-02-11 14:19:52] [ERROR] Route not found {"file":"\/var\/www\/html\/collab\/app\/Core\/Router.php","line":88,"trace":"#0 \/var\/www\/html\/collab\/public\/index.php(31): App\\Core\\Router->dispatch()\n#1 {main}"}
[2025-02-11 14:21:08] [ERROR] Route not found {"file":"\/var\/www\/html\/collab\/app\/Core\/Router.php","line":88,"trace":"#0 \/var\/www\/html\/collab\/public\/index.php(31): App\\Core\\Router->dispatch()\n#1 {main}"}
[2025-02-11 14:21:23] [ERROR] Route not found {"file":"\/var\/www\/html\/collab\/app\/Core\/Router.php","line":88,"trace":"#0 \/var\/www\/html\/collab\/public\/index.php(31): App\\Core\\Router->dispatch()\n#1 {main}"}
[2025-02-11 14:22:25] [ERROR] Route not found {"file":"\/var\/www\/html\/collab\/app\/Core\/Router.php","line":88,"trace":"#0 \/var\/www\/html\/collab\/public\/index.php(31): App\\Core\\Router->dispatch()\n#1 {main}"}
[2025-02-11 14:24:09] [ERROR] Route not found {"file":"\/var\/www\/html\/collab\/app\/Core\/Router.php","line":88,"trace":"#0 \/var\/www\/html\/collab\/public\/index.php(31): App\\Core\\Router->dispatch()\n#1 {main}"}
[2025-02-11 14:25:15] [ERROR] Route not found {"file":"\/var\/www\/html\/collab\/app\/Core\/Router.php","line":88,"trace":"#0 \/var\/www\/html\/collab\/public\/index.php(31): App\\Core\\Router->dispatch()\n#1 {main}"}
[2025-02-11 14:25:58] [ERROR] Route not found {"file":"\/var\/www\/html\/collab\/app\/Core\/Router.php","line":88,"trace":"#0 \/var\/www\/html\/collab\/public\/index.php(31): App\\Core\\Router->dispatch()\n#1 {main}"}
[2025-02-11 14:26:59] [ERROR] Route not found {"file":"\/var\/www\/html\/collab\/app\/Core\/Router.php","line":88,"trace":"#0 \/var\/www\/html\/collab\/public\/index.php(31): App\\Core\\Router->dispatch()\n#1 {main}"}
[2025-02-11 14:27:09] [ERROR] Route not found {"file":"\/var\/www\/html\/collab\/app\/Core\/Router.php","line":88,"trace":"#0 \/var\/www\/html\/collab\/public\/index.php(31): App\\Core\\Router->dispatch()\n#1 {main}"}
[2025-02-11 14:28:18] [ERROR] Route not found {"file":"\/var\/www\/html\/collab\/app\/Core\/Router.php","line":88,"trace":"#0 \/var\/www\/html\/collab\/public\/index.php(31): App\\Core\\Router->dispatch()\n#1 {main}"}
[2025-02-11 14:28:30] [ERROR] Route not found {"file":"\/var\/www\/html\/collab\/app\/Core\/Router.php","line":88,"trace":"#0 \/var\/www\/html\/collab\/public\/index.php(31): App\\Core\\Router->dispatch()\n#1 {main}"}
[2025-02-11 14:34:07] [ERROR] Route not found {"file":"\/var\/www\/html\/collab\/app\/Core\/Router.php","line":88,"trace":"#0 \/var\/www\/html\/collab\/public\/index.php(31): App\\Core\\Router->dispatch()\n#1 {main}"}
[2025-02-11 14:34:15] [ERROR] Route not found {"file":"\/var\/www\/html\/collab\/app\/Core\/Router.php","line":88,"trace":"#0 \/var\/www\/html\/collab\/public\/index.php(31): App\\Core\\Router->dispatch()\n#1 {main}"}
[2025-02-11 14:41:00] [ERROR] Unable to find template "Participant/index.twig" (looked into: /var/www/html/collab/app/Core/../views). {"file":"\/var\/www\/html\/collab\/vendor\/twig\/twig\/src\/Loader\/FilesystemLoader.php","line":234,"trace":"#0 \/var\/www\/html\/collab\/vendor\/twig\/twig\/src\/Loader\/FilesystemLoader.php(138): Twig\\Loader\\FilesystemLoader->findTemplate()\n#1 \/var\/www\/html\/collab\/vendor\/twig\/twig\/src\/Environment.php(318): Twig\\Loader\\FilesystemLoader->getCacheKey()\n#2 \/var\/www\/html\/collab\/vendor\/twig\/twig\/src\/Environment.php(371): Twig\\Environment->getTemplateClass()\n#3 \/var\/www\/html\/collab\/vendor\/twig\/twig\/src\/Environment.php(334): Twig\\Environment->load()\n#4 \/var\/www\/html\/collab\/app\/Core\/Controller.php(28): Twig\\Environment->render()\n#5 \/var\/www\/html\/collab\/app\/Controllers\/DashboardController.php(22): App\\Core\\Controller->render()\n#6 \/var\/www\/html\/collab\/app\/Core\/Router.php(84): App\\Controllers\\DashboardController->dashboard()\n#7 \/var\/www\/html\/collab\/public\/index.php(31): App\\Core\\Router->dispatch()\n#8 {main}"}
[2025-02-11 14:41:35] [ERROR] Unable to find template "/Participant/index.twig" (looked into: /var/www/html/collab/app/Core/../views). {"file":"\/var\/www\/html\/collab\/vendor\/twig\/twig\/src\/Loader\/FilesystemLoader.php","line":234,"trace":"#0 \/var\/www\/html\/collab\/vendor\/twig\/twig\/src\/Loader\/FilesystemLoader.php(138): Twig\\Loader\\FilesystemLoader->findTemplate()\n#1 \/var\/www\/html\/collab\/vendor\/twig\/twig\/src\/Environment.php(318): Twig\\Loader\\FilesystemLoader->getCacheKey()\n#2 \/var\/www\/html\/collab\/vendor\/twig\/twig\/src\/Environment.php(371): Twig\\Environment->getTemplateClass()\n#3 \/var\/www\/html\/collab\/vendor\/twig\/twig\/src\/Environment.php(334): Twig\\Environment->load()\n#4 \/var\/www\/html\/collab\/app\/Core\/Controller.php(28): Twig\\Environment->render()\n#5 \/var\/www\/html\/collab\/app\/Controllers\/DashboardController.php(22): App\\Core\\Controller->render()\n#6 \/var\/www\/html\/collab\/app\/Core\/Router.php(84): App\\Controllers\\DashboardController->dashboard()\n#7 \/var\/www\/html\/collab\/public\/index.php(31): App\\Core\\Router->dispatch()\n#8 {main}"}
[2025-02-11 14:41:36] [ERROR] Unable to find template "/Participant/index.twig" (looked into: /var/www/html/collab/app/Core/../views). {"file":"\/var\/www\/html\/collab\/vendor\/twig\/twig\/src\/Loader\/FilesystemLoader.php","line":234,"trace":"#0 \/var\/www\/html\/collab\/vendor\/twig\/twig\/src\/Loader\/FilesystemLoader.php(138): Twig\\Loader\\FilesystemLoader->findTemplate()\n#1 \/var\/www\/html\/collab\/vendor\/twig\/twig\/src\/Environment.php(318): Twig\\Loader\\FilesystemLoader->getCacheKey()\n#2 \/var\/www\/html\/collab\/vendor\/twig\/twig\/src\/Environment.php(371): Twig\\Environment->getTemplateClass()\n#3 \/var\/www\/html\/collab\/vendor\/twig\/twig\/src\/Environment.php(334): Twig\\Environment->load()\n#4 \/var\/www\/html\/collab\/app\/Core\/Controller.php(28): Twig\\Environment->render()\n#5 \/var\/www\/html\/collab\/app\/Controllers\/DashboardController.php(22): App\\Core\\Controller->render()\n#6 \/var\/www\/html\/collab\/app\/Core\/Router.php(84): App\\Controllers\\DashboardController->dashboard()\n#7 \/var\/www\/html\/collab\/public\/index.php(31): App\\Core\\Router->dispatch()\n#8 {main}"}
[2025-02-11 14:41:36] [ERROR] Unable to find template "/Participant/index.twig" (looked into: /var/www/html/collab/app/Core/../views). {"file":"\/var\/www\/html\/collab\/vendor\/twig\/twig\/src\/Loader\/FilesystemLoader.php","line":234,"trace":"#0 \/var\/www\/html\/collab\/vendor\/twig\/twig\/src\/Loader\/FilesystemLoader.php(138): Twig\\Loader\\FilesystemLoader->findTemplate()\n#1 \/var\/www\/html\/collab\/vendor\/twig\/twig\/src\/Environment.php(318): Twig\\Loader\\FilesystemLoader->getCacheKey()\n#2 \/var\/www\/html\/collab\/vendor\/twig\/twig\/src\/Environment.php(371): Twig\\Environment->getTemplateClass()\n#3 \/var\/www\/html\/collab\/vendor\/twig\/twig\/src\/Environment.php(334): Twig\\Environment->load()\n#4 \/var\/www\/html\/collab\/app\/Core\/Controller.php(28): Twig\\Environment->render()\n#5 \/var\/www\/html\/collab\/app\/Controllers\/DashboardController.php(22): App\\Core\\Controller->render()\n#6 \/var\/www\/html\/collab\/app\/Core\/Router.php(84): App\\Controllers\\DashboardController->dashboard()\n#7 \/var\/www\/html\/collab\/public\/index.php(31): App\\Core\\Router->dispatch()\n#8 {main}"}
[2025-02-11 14:41:43] [ERROR] Unable to find template "/Participant/index.twig" (looked into: /var/www/html/collab/app/Core/../views). {"file":"\/var\/www\/html\/collab\/vendor\/twig\/twig\/src\/Loader\/FilesystemLoader.php","line":234,"trace":"#0 \/var\/www\/html\/collab\/vendor\/twig\/twig\/src\/Loader\/FilesystemLoader.php(138): Twig\\Loader\\FilesystemLoader->findTemplate()\n#1 \/var\/www\/html\/collab\/vendor\/twig\/twig\/src\/Environment.php(318): Twig\\Loader\\FilesystemLoader->getCacheKey()\n#2 \/var\/www\/html\/collab\/vendor\/twig\/twig\/src\/Environment.php(371): Twig\\Environment->getTemplateClass()\n#3 \/var\/www\/html\/collab\/vendor\/twig\/twig\/src\/Environment.php(334): Twig\\Environment->load()\n#4 \/var\/www\/html\/collab\/app\/Core\/Controller.php(28): Twig\\Environment->render()\n#5 \/var\/www\/html\/collab\/app\/Controllers\/DashboardController.php(22): App\\Core\\Controller->render()\n#6 \/var\/www\/html\/collab\/app\/Core\/Router.php(84): App\\Controllers\\DashboardController->dashboard()\n#7 \/var\/www\/html\/collab\/public\/index.php(31): App\\Core\\Router->dispatch()\n#8 {main}"}
[2025-02-11 14:44:02] [ERROR] Route not found {"file":"\/var\/www\/html\/collab\/app\/Core\/Router.php","line":88,"trace":"#0 \/var\/www\/html\/collab\/public\/index.php(31): App\\Core\\Router->dispatch()\n#1 {main}"}
[2025-02-11 14:45:23] [ERROR] Unable to find template "/Participant/index.twig" (looked into: /var/www/html/collab/app/Core/../views). {"file":"\/var\/www\/html\/collab\/vendor\/twig\/twig\/src\/Loader\/FilesystemLoader.php","line":234,"trace":"#0 \/var\/www\/html\/collab\/vendor\/twig\/twig\/src\/Loader\/FilesystemLoader.php(138): Twig\\Loader\\FilesystemLoader->findTemplate()\n#1 \/var\/www\/html\/collab\/vendor\/twig\/twig\/src\/Environment.php(318): Twig\\Loader\\FilesystemLoader->getCacheKey()\n#2 \/var\/www\/html\/collab\/vendor\/twig\/twig\/src\/Environment.php(371): Twig\\Environment->getTemplateClass()\n#3 \/var\/www\/html\/collab\/vendor\/twig\/twig\/src\/Environment.php(334): Twig\\Environment->load()\n#4 \/var\/www\/html\/collab\/app\/Core\/Controller.php(28): Twig\\Environment->render()\n#5 \/var\/www\/html\/collab\/app\/Controllers\/DashboardController.php(20): App\\Core\\Controller->render()\n#6 \/var\/www\/html\/collab\/app\/Core\/Router.php(84): App\\Controllers\\DashboardController->dashboard()\n#7 \/var\/www\/html\/collab\/public\/index.php(31): App\\Core\\Router->dispatch()\n#8 {main}"}
[2025-02-11 14:48:35] [ERROR] Unable to find template "/dashboard.twig" (looked into: /var/www/html/collab/app/Core/../views). {"file":"\/var\/www\/html\/collab\/vendor\/twig\/twig\/src\/Loader\/FilesystemLoader.php","line":234,"trace":"#0 \/var\/www\/html\/collab\/vendor\/twig\/twig\/src\/Loader\/FilesystemLoader.php(138): Twig\\Loader\\FilesystemLoader->findTemplate()\n#1 \/var\/www\/html\/collab\/vendor\/twig\/twig\/src\/Environment.php(318): Twig\\Loader\\FilesystemLoader->getCacheKey()\n#2 \/var\/www\/html\/collab\/vendor\/twig\/twig\/src\/Environment.php(371): Twig\\Environment->getTemplateClass()\n#3 \/var\/www\/html\/collab\/vendor\/twig\/twig\/src\/Environment.php(334): Twig\\Environment->load()\n#4 \/var\/www\/html\/collab\/app\/Core\/Controller.php(28): Twig\\Environment->render()\n#5 \/var\/www\/html\/collab\/app\/Controllers\/AuthController.php(35): App\\Core\\Controller->render()\n#6 \/var\/www\/html\/collab\/app\/Core\/Router.php(84): App\\Controllers\\AuthController->login()\n#7 \/var\/www\/html\/collab\/public\/index.php(31): App\\Core\\Router->dispatch()\n#8 {main}"}
[2025-02-11 14:49:04] [ERROR] Route not found {"file":"\/var\/www\/html\/collab\/app\/Core\/Router.php","line":88,"trace":"#0 \/var\/www\/html\/collab\/public\/index.php(31): App\\Core\\Router->dispatch()\n#1 {main}"}
[2025-02-11 14:49:40] [ERROR] Route not found {"file":"\/var\/www\/html\/collab\/app\/Core\/Router.php","line":88,"trace":"#0 \/var\/www\/html\/collab\/public\/index.php(31): App\\Core\\Router->dispatch()\n#1 {main}"}
[2025-02-11 14:49:47] [ERROR] Route not found {"file":"\/var\/www\/html\/collab\/app\/Core\/Router.php","line":88,"trace":"#0 \/var\/www\/html\/collab\/public\/index.php(31): App\\Core\\Router->dispatch()\n#1 {main}"}
[2025-02-11 14:51:40] [ERROR] Unable to find template "/Admin/index.twig" (looked into: /var/www/html/collab/app/Core/../views). {"file":"\/var\/www\/html\/collab\/vendor\/twig\/twig\/src\/Loader\/FilesystemLoader.php","line":234,"trace":"#0 \/var\/www\/html\/collab\/vendor\/twig\/twig\/src\/Loader\/FilesystemLoader.php(138): Twig\\Loader\\FilesystemLoader->findTemplate()\n#1 \/var\/www\/html\/collab\/vendor\/twig\/twig\/src\/Environment.php(318): Twig\\Loader\\FilesystemLoader->getCacheKey()\n#2 \/var\/www\/html\/collab\/vendor\/twig\/twig\/src\/Environment.php(371): Twig\\Environment->getTemplateClass()\n#3 \/var\/www\/html\/collab\/vendor\/twig\/twig\/src\/Environment.php(334): Twig\\Environment->load()\n#4 \/var\/www\/html\/collab\/app\/Core\/Controller.php(28): Twig\\Environment->render()\n#5 \/var\/www\/html\/collab\/app\/Controllers\/DashboardController.php(24): App\\Core\\Controller->render()\n#6 \/var\/www\/html\/collab\/app\/Core\/Router.php(84): App\\Controllers\\DashboardController->dashboard()\n#7 \/var\/www\/html\/collab\/public\/index.php(31): App\\Core\\Router->dispatch()\n#8 {main}"}
[2025-02-11 15:19:41] [ERROR] Unable to find template "/participant/index.twig" (looked into: /var/www/html/collab/app/Core/../views). {"file":"\/var\/www\/html\/collab\/vendor\/twig\/twig\/src\/Loader\/FilesystemLoader.php","line":234,"trace":"#0 \/var\/www\/html\/collab\/vendor\/twig\/twig\/src\/Loader\/FilesystemLoader.php(138): Twig\\Loader\\FilesystemLoader->findTemplate()\n#1 \/var\/www\/html\/collab\/vendor\/twig\/twig\/src\/Environment.php(318): Twig\\Loader\\FilesystemLoader->getCacheKey()\n#2 \/var\/www\/html\/collab\/vendor\/twig\/twig\/src\/Environment.php(371): Twig\\Environment->getTemplateClass()\n#3 \/var\/www\/html\/collab\/vendor\/twig\/twig\/src\/Environment.php(334): Twig\\Environment->load()\n#4 \/var\/www\/html\/collab\/app\/Core\/Controller.php(28): Twig\\Environment->render()\n#5 \/var\/www\/html\/collab\/app\/Controllers\/DashboardController.php(16): App\\Core\\Controller->render()\n#6 \/var\/www\/html\/collab\/app\/Core\/Router.php(84): App\\Controllers\\DashboardController->dashboard()\n#7 \/var\/www\/html\/collab\/public\/index.php(31): App\\Core\\Router->dispatch()\n#8 {main}"}
[2025-02-11 15:24:24] [ERROR] Route not found {"file":"\/var\/www\/html\/collab\/app\/Core\/Router.php","line":88,"trace":"#0 \/var\/www\/html\/collab\/public\/index.php(31): App\\Core\\Router->dispatch()\n#1 {main}"}
[2025-02-11 15:24:35] [ERROR] Route not found {"file":"\/var\/www\/html\/collab\/app\/Core\/Router.php","line":88,"trace":"#0 \/var\/www\/html\/collab\/public\/index.php(31): App\\Core\\Router->dispatch()\n#1 {main}"}
[2025-02-11 15:34:11] [ERROR] Unable to find template "/participant/index.twig" (looked into: /var/www/html/collab/app/Core/../views). {"file":"\/var\/www\/html\/collab\/vendor\/twig\/twig\/src\/Loader\/FilesystemLoader.php","line":234,"trace":"#0 \/var\/www\/html\/collab\/vendor\/twig\/twig\/src\/Loader\/FilesystemLoader.php(138): Twig\\Loader\\FilesystemLoader->findTemplate()\n#1 \/var\/www\/html\/collab\/vendor\/twig\/twig\/src\/Environment.php(318): Twig\\Loader\\FilesystemLoader->getCacheKey()\n#2 \/var\/www\/html\/collab\/vendor\/twig\/twig\/src\/Environment.php(371): Twig\\Environment->getTemplateClass()\n#3 \/var\/www\/html\/collab\/vendor\/twig\/twig\/src\/Environment.php(334): Twig\\Environment->load()\n#4 \/var\/www\/html\/collab\/app\/Core\/Controller.php(28): Twig\\Environment->render()\n#5 \/var\/www\/html\/collab\/app\/Controllers\/DashboardController.php(24): App\\Core\\Controller->render()\n#6 \/var\/www\/html\/collab\/app\/Core\/Router.php(84): App\\Controllers\\DashboardController->dashboard()\n#7 \/var\/www\/html\/collab\/public\/index.php(31): App\\Core\\Router->dispatch()\n#8 {main}"}
[2025-02-11 15:43:44] [ERROR] Unable to find template "Admin/index.twig" (looked into: /var/www/html/collab/app/Core/../views). {"file":"\/var\/www\/html\/collab\/vendor\/twig\/twig\/src\/Loader\/FilesystemLoader.php","line":234,"trace":"#0 \/var\/www\/html\/collab\/vendor\/twig\/twig\/src\/Loader\/FilesystemLoader.php(138): Twig\\Loader\\FilesystemLoader->findTemplate()\n#1 \/var\/www\/html\/collab\/vendor\/twig\/twig\/src\/Environment.php(318): Twig\\Loader\\FilesystemLoader->getCacheKey()\n#2 \/var\/www\/html\/collab\/vendor\/twig\/twig\/src\/Environment.php(371): Twig\\Environment->getTemplateClass()\n#3 \/var\/www\/html\/collab\/vendor\/twig\/twig\/src\/Environment.php(334): Twig\\Environment->load()\n#4 \/var\/www\/html\/collab\/app\/Core\/Controller.php(28): Twig\\Environment->render()\n#5 \/var\/www\/html\/collab\/app\/Controllers\/DashboardController.php(21): App\\Core\\Controller->render()\n#6 \/var\/www\/html\/collab\/app\/Core\/Router.php(84): App\\Controllers\\DashboardController->dashboard()\n#7 \/var\/www\/html\/collab\/public\/index.php(31): App\\Core\\Router->dispatch()\n#8 {main}"}
<<<<<<< HEAD
>>>>>>> origin/setup
=======
[2025-02-11 18:18:19] [ERROR] Unable to find template "base.twig" (looked into: /var/www/html/collab/app/Core/../views) in "Admin/index.twig" at line 1. {"file":"\/var\/www\/html\/collab\/vendor\/twig\/twig\/src\/Loader\/FilesystemLoader.php","line":234,"trace":"#0 \/var\/www\/html\/collab\/vendor\/twig\/twig\/src\/Loader\/FilesystemLoader.php(138): Twig\\Loader\\FilesystemLoader->findTemplate()\n#1 \/var\/www\/html\/collab\/vendor\/twig\/twig\/src\/Environment.php(318): Twig\\Loader\\FilesystemLoader->getCacheKey()\n#2 \/var\/www\/html\/collab\/vendor\/twig\/twig\/src\/Template.php(296): Twig\\Environment->getTemplateClass()\n#3 \/var\/www\/html\/collab\/vendor\/twig\/twig\/src\/Environment.php(421) : eval()'d code(47): Twig\\Template->loadTemplate()\n#4 \/var\/www\/html\/collab\/vendor\/twig\/twig\/src\/Template.php(388): __TwigTemplate_19718267493e0fe368a030540923fb42->doDisplay()\n#5 \/var\/www\/html\/collab\/vendor\/twig\/twig\/src\/Template.php(344): Twig\\Template->yield()\n#6 \/var\/www\/html\/collab\/vendor\/twig\/twig\/src\/Template.php(359): Twig\\Template->display()\n#7 \/var\/www\/html\/collab\/vendor\/twig\/twig\/src\/TemplateWrapper.php(51): Twig\\Template->render()\n#8 \/var\/www\/html\/collab\/vendor\/twig\/twig\/src\/Environment.php(334): Twig\\TemplateWrapper->render()\n#9 \/var\/www\/html\/collab\/app\/Core\/Controller.php(28): Twig\\Environment->render()\n#10 \/var\/www\/html\/collab\/app\/Controllers\/DashboardController.php(21): App\\Core\\Controller->render()\n#11 \/var\/www\/html\/collab\/app\/Core\/Router.php(84): App\\Controllers\\DashboardController->dashboard()\n#12 \/var\/www\/html\/collab\/public\/index.php(31): App\\Core\\Router->dispatch()\n#13 {main}"}
[2025-02-11 18:28:22] [ERROR] Unexpected operator of value "=". Did you try to use "===" or "!==" for strict comparison? Use "is same as(value)" instead. {"file":"\/var\/www\/html\/collab\/app\/views\/Layouts\/base.twig","line":89,"trace":"#0 \/var\/www\/html\/collab\/vendor\/twig\/twig\/src\/ExpressionParser.php(265): Twig\\ExpressionParser->parsePrimaryExpression()\n#1 \/var\/www\/html\/collab\/vendor\/twig\/twig\/src\/ExpressionParser.php(102): Twig\\ExpressionParser->getPrimary()\n#2 \/var\/www\/html\/collab\/vendor\/twig\/twig\/src\/ExpressionParser.php(117): Twig\\ExpressionParser->parseExpression()\n#3 \/var\/www\/html\/collab\/vendor\/twig\/twig\/src\/ExpressionParser.php(117): Twig\\ExpressionParser->parseExpression()\n#4 \/var\/www\/html\/collab\/vendor\/twig\/twig\/src\/TokenParser\/IfTokenParser.php(39): Twig\\ExpressionParser->parseExpression()\n#5 \/var\/www\/html\/collab\/vendor\/twig\/twig\/src\/Parser.php(202): Twig\\TokenParser\\IfTokenParser->parse()\n#6 \/var\/www\/html\/collab\/vendor\/twig\/twig\/src\/Parser.php(95): Twig\\Parser->subparse()\n#7 \/var\/www\/html\/collab\/vendor\/twig\/twig\/src\/Environment.php(559): Twig\\Parser->parse()\n#8 \/var\/www\/html\/collab\/vendor\/twig\/twig\/src\/Environment.php(590): Twig\\Environment->parse()\n#9 \/var\/www\/html\/collab\/vendor\/twig\/twig\/src\/Environment.php(409): Twig\\Environment->compileSource()\n#10 \/var\/www\/html\/collab\/vendor\/twig\/twig\/src\/Template.php(299): Twig\\Environment->loadTemplate()\n#11 \/var\/www\/html\/collab\/vendor\/twig\/twig\/src\/Environment.php(421) : eval()'d code(47): Twig\\Template->loadTemplate()\n#12 \/var\/www\/html\/collab\/vendor\/twig\/twig\/src\/Template.php(388): __TwigTemplate_19718267493e0fe368a030540923fb42->doDisplay()\n#13 \/var\/www\/html\/collab\/vendor\/twig\/twig\/src\/Template.php(344): Twig\\Template->yield()\n#14 \/var\/www\/html\/collab\/vendor\/twig\/twig\/src\/Template.php(359): Twig\\Template->display()\n#15 \/var\/www\/html\/collab\/vendor\/twig\/twig\/src\/TemplateWrapper.php(51): Twig\\Template->render()\n#16 \/var\/www\/html\/collab\/vendor\/twig\/twig\/src\/Environment.php(334): Twig\\TemplateWrapper->render()\n#17 \/var\/www\/html\/collab\/app\/Core\/Controller.php(28): Twig\\Environment->render()\n#18 \/var\/www\/html\/collab\/app\/Controllers\/DashboardController.php(21): App\\Core\\Controller->render()\n#19 \/var\/www\/html\/collab\/app\/Core\/Router.php(84): App\\Controllers\\DashboardController->dashboard()\n#20 \/var\/www\/html\/collab\/public\/index.php(31): App\\Core\\Router->dispatch()\n#21 {main}"}
[2025-02-11 18:28:22] [ERROR] Unexpected operator of value "=". Did you try to use "===" or "!==" for strict comparison? Use "is same as(value)" instead. {"file":"\/var\/www\/html\/collab\/app\/views\/Layouts\/base.twig","line":89,"trace":"#0 \/var\/www\/html\/collab\/vendor\/twig\/twig\/src\/ExpressionParser.php(265): Twig\\ExpressionParser->parsePrimaryExpression()\n#1 \/var\/www\/html\/collab\/vendor\/twig\/twig\/src\/ExpressionParser.php(102): Twig\\ExpressionParser->getPrimary()\n#2 \/var\/www\/html\/collab\/vendor\/twig\/twig\/src\/ExpressionParser.php(117): Twig\\ExpressionParser->parseExpression()\n#3 \/var\/www\/html\/collab\/vendor\/twig\/twig\/src\/ExpressionParser.php(117): Twig\\ExpressionParser->parseExpression()\n#4 \/var\/www\/html\/collab\/vendor\/twig\/twig\/src\/TokenParser\/IfTokenParser.php(39): Twig\\ExpressionParser->parseExpression()\n#5 \/var\/www\/html\/collab\/vendor\/twig\/twig\/src\/Parser.php(202): Twig\\TokenParser\\IfTokenParser->parse()\n#6 \/var\/www\/html\/collab\/vendor\/twig\/twig\/src\/Parser.php(95): Twig\\Parser->subparse()\n#7 \/var\/www\/html\/collab\/vendor\/twig\/twig\/src\/Environment.php(559): Twig\\Parser->parse()\n#8 \/var\/www\/html\/collab\/vendor\/twig\/twig\/src\/Environment.php(590): Twig\\Environment->parse()\n#9 \/var\/www\/html\/collab\/vendor\/twig\/twig\/src\/Environment.php(409): Twig\\Environment->compileSource()\n#10 \/var\/www\/html\/collab\/vendor\/twig\/twig\/src\/Template.php(299): Twig\\Environment->loadTemplate()\n#11 \/var\/www\/html\/collab\/vendor\/twig\/twig\/src\/Environment.php(421) : eval()'d code(47): Twig\\Template->loadTemplate()\n#12 \/var\/www\/html\/collab\/vendor\/twig\/twig\/src\/Template.php(388): __TwigTemplate_19718267493e0fe368a030540923fb42->doDisplay()\n#13 \/var\/www\/html\/collab\/vendor\/twig\/twig\/src\/Template.php(344): Twig\\Template->yield()\n#14 \/var\/www\/html\/collab\/vendor\/twig\/twig\/src\/Template.php(359): Twig\\Template->display()\n#15 \/var\/www\/html\/collab\/vendor\/twig\/twig\/src\/TemplateWrapper.php(51): Twig\\Template->render()\n#16 \/var\/www\/html\/collab\/vendor\/twig\/twig\/src\/Environment.php(334): Twig\\TemplateWrapper->render()\n#17 \/var\/www\/html\/collab\/app\/Core\/Controller.php(28): Twig\\Environment->render()\n#18 \/var\/www\/html\/collab\/app\/Controllers\/DashboardController.php(21): App\\Core\\Controller->render()\n#19 \/var\/www\/html\/collab\/app\/Core\/Router.php(84): App\\Controllers\\DashboardController->dashboard()\n#20 \/var\/www\/html\/collab\/public\/index.php(31): App\\Core\\Router->dispatch()\n#21 {main}"}
[2025-02-11 18:28:22] [ERROR] Unexpected operator of value "=". Did you try to use "===" or "!==" for strict comparison? Use "is same as(value)" instead. {"file":"\/var\/www\/html\/collab\/app\/views\/Layouts\/base.twig","line":89,"trace":"#0 \/var\/www\/html\/collab\/vendor\/twig\/twig\/src\/ExpressionParser.php(265): Twig\\ExpressionParser->parsePrimaryExpression()\n#1 \/var\/www\/html\/collab\/vendor\/twig\/twig\/src\/ExpressionParser.php(102): Twig\\ExpressionParser->getPrimary()\n#2 \/var\/www\/html\/collab\/vendor\/twig\/twig\/src\/ExpressionParser.php(117): Twig\\ExpressionParser->parseExpression()\n#3 \/var\/www\/html\/collab\/vendor\/twig\/twig\/src\/ExpressionParser.php(117): Twig\\ExpressionParser->parseExpression()\n#4 \/var\/www\/html\/collab\/vendor\/twig\/twig\/src\/TokenParser\/IfTokenParser.php(39): Twig\\ExpressionParser->parseExpression()\n#5 \/var\/www\/html\/collab\/vendor\/twig\/twig\/src\/Parser.php(202): Twig\\TokenParser\\IfTokenParser->parse()\n#6 \/var\/www\/html\/collab\/vendor\/twig\/twig\/src\/Parser.php(95): Twig\\Parser->subparse()\n#7 \/var\/www\/html\/collab\/vendor\/twig\/twig\/src\/Environment.php(559): Twig\\Parser->parse()\n#8 \/var\/www\/html\/collab\/vendor\/twig\/twig\/src\/Environment.php(590): Twig\\Environment->parse()\n#9 \/var\/www\/html\/collab\/vendor\/twig\/twig\/src\/Environment.php(409): Twig\\Environment->compileSource()\n#10 \/var\/www\/html\/collab\/vendor\/twig\/twig\/src\/Template.php(299): Twig\\Environment->loadTemplate()\n#11 \/var\/www\/html\/collab\/vendor\/twig\/twig\/src\/Environment.php(421) : eval()'d code(47): Twig\\Template->loadTemplate()\n#12 \/var\/www\/html\/collab\/vendor\/twig\/twig\/src\/Template.php(388): __TwigTemplate_19718267493e0fe368a030540923fb42->doDisplay()\n#13 \/var\/www\/html\/collab\/vendor\/twig\/twig\/src\/Template.php(344): Twig\\Template->yield()\n#14 \/var\/www\/html\/collab\/vendor\/twig\/twig\/src\/Template.php(359): Twig\\Template->display()\n#15 \/var\/www\/html\/collab\/vendor\/twig\/twig\/src\/TemplateWrapper.php(51): Twig\\Template->render()\n#16 \/var\/www\/html\/collab\/vendor\/twig\/twig\/src\/Environment.php(334): Twig\\TemplateWrapper->render()\n#17 \/var\/www\/html\/collab\/app\/Core\/Controller.php(28): Twig\\Environment->render()\n#18 \/var\/www\/html\/collab\/app\/Controllers\/DashboardController.php(21): App\\Core\\Controller->render()\n#19 \/var\/www\/html\/collab\/app\/Core\/Router.php(84): App\\Controllers\\DashboardController->dashboard()\n#20 \/var\/www\/html\/collab\/public\/index.php(31): App\\Core\\Router->dispatch()\n#21 {main}"}
[2025-02-11 18:28:23] [ERROR] Unexpected operator of value "=". Did you try to use "===" or "!==" for strict comparison? Use "is same as(value)" instead. {"file":"\/var\/www\/html\/collab\/app\/views\/Layouts\/base.twig","line":89,"trace":"#0 \/var\/www\/html\/collab\/vendor\/twig\/twig\/src\/ExpressionParser.php(265): Twig\\ExpressionParser->parsePrimaryExpression()\n#1 \/var\/www\/html\/collab\/vendor\/twig\/twig\/src\/ExpressionParser.php(102): Twig\\ExpressionParser->getPrimary()\n#2 \/var\/www\/html\/collab\/vendor\/twig\/twig\/src\/ExpressionParser.php(117): Twig\\ExpressionParser->parseExpression()\n#3 \/var\/www\/html\/collab\/vendor\/twig\/twig\/src\/ExpressionParser.php(117): Twig\\ExpressionParser->parseExpression()\n#4 \/var\/www\/html\/collab\/vendor\/twig\/twig\/src\/TokenParser\/IfTokenParser.php(39): Twig\\ExpressionParser->parseExpression()\n#5 \/var\/www\/html\/collab\/vendor\/twig\/twig\/src\/Parser.php(202): Twig\\TokenParser\\IfTokenParser->parse()\n#6 \/var\/www\/html\/collab\/vendor\/twig\/twig\/src\/Parser.php(95): Twig\\Parser->subparse()\n#7 \/var\/www\/html\/collab\/vendor\/twig\/twig\/src\/Environment.php(559): Twig\\Parser->parse()\n#8 \/var\/www\/html\/collab\/vendor\/twig\/twig\/src\/Environment.php(590): Twig\\Environment->parse()\n#9 \/var\/www\/html\/collab\/vendor\/twig\/twig\/src\/Environment.php(409): Twig\\Environment->compileSource()\n#10 \/var\/www\/html\/collab\/vendor\/twig\/twig\/src\/Template.php(299): Twig\\Environment->loadTemplate()\n#11 \/var\/www\/html\/collab\/vendor\/twig\/twig\/src\/Environment.php(421) : eval()'d code(47): Twig\\Template->loadTemplate()\n#12 \/var\/www\/html\/collab\/vendor\/twig\/twig\/src\/Template.php(388): __TwigTemplate_19718267493e0fe368a030540923fb42->doDisplay()\n#13 \/var\/www\/html\/collab\/vendor\/twig\/twig\/src\/Template.php(344): Twig\\Template->yield()\n#14 \/var\/www\/html\/collab\/vendor\/twig\/twig\/src\/Template.php(359): Twig\\Template->display()\n#15 \/var\/www\/html\/collab\/vendor\/twig\/twig\/src\/TemplateWrapper.php(51): Twig\\Template->render()\n#16 \/var\/www\/html\/collab\/vendor\/twig\/twig\/src\/Environment.php(334): Twig\\TemplateWrapper->render()\n#17 \/var\/www\/html\/collab\/app\/Core\/Controller.php(28): Twig\\Environment->render()\n#18 \/var\/www\/html\/collab\/app\/Controllers\/DashboardController.php(21): App\\Core\\Controller->render()\n#19 \/var\/www\/html\/collab\/app\/Core\/Router.php(84): App\\Controllers\\DashboardController->dashboard()\n#20 \/var\/www\/html\/collab\/public\/index.php(31): App\\Core\\Router->dispatch()\n#21 {main}"}
[2025-02-11 18:28:23] [ERROR] Unexpected operator of value "=". Did you try to use "===" or "!==" for strict comparison? Use "is same as(value)" instead. {"file":"\/var\/www\/html\/collab\/app\/views\/Layouts\/base.twig","line":89,"trace":"#0 \/var\/www\/html\/collab\/vendor\/twig\/twig\/src\/ExpressionParser.php(265): Twig\\ExpressionParser->parsePrimaryExpression()\n#1 \/var\/www\/html\/collab\/vendor\/twig\/twig\/src\/ExpressionParser.php(102): Twig\\ExpressionParser->getPrimary()\n#2 \/var\/www\/html\/collab\/vendor\/twig\/twig\/src\/ExpressionParser.php(117): Twig\\ExpressionParser->parseExpression()\n#3 \/var\/www\/html\/collab\/vendor\/twig\/twig\/src\/ExpressionParser.php(117): Twig\\ExpressionParser->parseExpression()\n#4 \/var\/www\/html\/collab\/vendor\/twig\/twig\/src\/TokenParser\/IfTokenParser.php(39): Twig\\ExpressionParser->parseExpression()\n#5 \/var\/www\/html\/collab\/vendor\/twig\/twig\/src\/Parser.php(202): Twig\\TokenParser\\IfTokenParser->parse()\n#6 \/var\/www\/html\/collab\/vendor\/twig\/twig\/src\/Parser.php(95): Twig\\Parser->subparse()\n#7 \/var\/www\/html\/collab\/vendor\/twig\/twig\/src\/Environment.php(559): Twig\\Parser->parse()\n#8 \/var\/www\/html\/collab\/vendor\/twig\/twig\/src\/Environment.php(590): Twig\\Environment->parse()\n#9 \/var\/www\/html\/collab\/vendor\/twig\/twig\/src\/Environment.php(409): Twig\\Environment->compileSource()\n#10 \/var\/www\/html\/collab\/vendor\/twig\/twig\/src\/Template.php(299): Twig\\Environment->loadTemplate()\n#11 \/var\/www\/html\/collab\/vendor\/twig\/twig\/src\/Environment.php(421) : eval()'d code(47): Twig\\Template->loadTemplate()\n#12 \/var\/www\/html\/collab\/vendor\/twig\/twig\/src\/Template.php(388): __TwigTemplate_19718267493e0fe368a030540923fb42->doDisplay()\n#13 \/var\/www\/html\/collab\/vendor\/twig\/twig\/src\/Template.php(344): Twig\\Template->yield()\n#14 \/var\/www\/html\/collab\/vendor\/twig\/twig\/src\/Template.php(359): Twig\\Template->display()\n#15 \/var\/www\/html\/collab\/vendor\/twig\/twig\/src\/TemplateWrapper.php(51): Twig\\Template->render()\n#16 \/var\/www\/html\/collab\/vendor\/twig\/twig\/src\/Environment.php(334): Twig\\TemplateWrapper->render()\n#17 \/var\/www\/html\/collab\/app\/Core\/Controller.php(28): Twig\\Environment->render()\n#18 \/var\/www\/html\/collab\/app\/Controllers\/DashboardController.php(21): App\\Core\\Controller->render()\n#19 \/var\/www\/html\/collab\/app\/Core\/Router.php(84): App\\Controllers\\DashboardController->dashboard()\n#20 \/var\/www\/html\/collab\/public\/index.php(31): App\\Core\\Router->dispatch()\n#21 {main}"}
[2025-02-11 18:28:23] [ERROR] Unexpected operator of value "=". Did you try to use "===" or "!==" for strict comparison? Use "is same as(value)" instead. {"file":"\/var\/www\/html\/collab\/app\/views\/Layouts\/base.twig","line":89,"trace":"#0 \/var\/www\/html\/collab\/vendor\/twig\/twig\/src\/ExpressionParser.php(265): Twig\\ExpressionParser->parsePrimaryExpression()\n#1 \/var\/www\/html\/collab\/vendor\/twig\/twig\/src\/ExpressionParser.php(102): Twig\\ExpressionParser->getPrimary()\n#2 \/var\/www\/html\/collab\/vendor\/twig\/twig\/src\/ExpressionParser.php(117): Twig\\ExpressionParser->parseExpression()\n#3 \/var\/www\/html\/collab\/vendor\/twig\/twig\/src\/ExpressionParser.php(117): Twig\\ExpressionParser->parseExpression()\n#4 \/var\/www\/html\/collab\/vendor\/twig\/twig\/src\/TokenParser\/IfTokenParser.php(39): Twig\\ExpressionParser->parseExpression()\n#5 \/var\/www\/html\/collab\/vendor\/twig\/twig\/src\/Parser.php(202): Twig\\TokenParser\\IfTokenParser->parse()\n#6 \/var\/www\/html\/collab\/vendor\/twig\/twig\/src\/Parser.php(95): Twig\\Parser->subparse()\n#7 \/var\/www\/html\/collab\/vendor\/twig\/twig\/src\/Environment.php(559): Twig\\Parser->parse()\n#8 \/var\/www\/html\/collab\/vendor\/twig\/twig\/src\/Environment.php(590): Twig\\Environment->parse()\n#9 \/var\/www\/html\/collab\/vendor\/twig\/twig\/src\/Environment.php(409): Twig\\Environment->compileSource()\n#10 \/var\/www\/html\/collab\/vendor\/twig\/twig\/src\/Template.php(299): Twig\\Environment->loadTemplate()\n#11 \/var\/www\/html\/collab\/vendor\/twig\/twig\/src\/Environment.php(421) : eval()'d code(47): Twig\\Template->loadTemplate()\n#12 \/var\/www\/html\/collab\/vendor\/twig\/twig\/src\/Template.php(388): __TwigTemplate_19718267493e0fe368a030540923fb42->doDisplay()\n#13 \/var\/www\/html\/collab\/vendor\/twig\/twig\/src\/Template.php(344): Twig\\Template->yield()\n#14 \/var\/www\/html\/collab\/vendor\/twig\/twig\/src\/Template.php(359): Twig\\Template->display()\n#15 \/var\/www\/html\/collab\/vendor\/twig\/twig\/src\/TemplateWrapper.php(51): Twig\\Template->render()\n#16 \/var\/www\/html\/collab\/vendor\/twig\/twig\/src\/Environment.php(334): Twig\\TemplateWrapper->render()\n#17 \/var\/www\/html\/collab\/app\/Core\/Controller.php(28): Twig\\Environment->render()\n#18 \/var\/www\/html\/collab\/app\/Controllers\/DashboardController.php(21): App\\Core\\Controller->render()\n#19 \/var\/www\/html\/collab\/app\/Core\/Router.php(84): App\\Controllers\\DashboardController->dashboard()\n#20 \/var\/www\/html\/collab\/public\/index.php(31): App\\Core\\Router->dispatch()\n#21 {main}"}
[2025-02-11 18:28:23] [ERROR] Unexpected operator of value "=". Did you try to use "===" or "!==" for strict comparison? Use "is same as(value)" instead. {"file":"\/var\/www\/html\/collab\/app\/views\/Layouts\/base.twig","line":89,"trace":"#0 \/var\/www\/html\/collab\/vendor\/twig\/twig\/src\/ExpressionParser.php(265): Twig\\ExpressionParser->parsePrimaryExpression()\n#1 \/var\/www\/html\/collab\/vendor\/twig\/twig\/src\/ExpressionParser.php(102): Twig\\ExpressionParser->getPrimary()\n#2 \/var\/www\/html\/collab\/vendor\/twig\/twig\/src\/ExpressionParser.php(117): Twig\\ExpressionParser->parseExpression()\n#3 \/var\/www\/html\/collab\/vendor\/twig\/twig\/src\/ExpressionParser.php(117): Twig\\ExpressionParser->parseExpression()\n#4 \/var\/www\/html\/collab\/vendor\/twig\/twig\/src\/TokenParser\/IfTokenParser.php(39): Twig\\ExpressionParser->parseExpression()\n#5 \/var\/www\/html\/collab\/vendor\/twig\/twig\/src\/Parser.php(202): Twig\\TokenParser\\IfTokenParser->parse()\n#6 \/var\/www\/html\/collab\/vendor\/twig\/twig\/src\/Parser.php(95): Twig\\Parser->subparse()\n#7 \/var\/www\/html\/collab\/vendor\/twig\/twig\/src\/Environment.php(559): Twig\\Parser->parse()\n#8 \/var\/www\/html\/collab\/vendor\/twig\/twig\/src\/Environment.php(590): Twig\\Environment->parse()\n#9 \/var\/www\/html\/collab\/vendor\/twig\/twig\/src\/Environment.php(409): Twig\\Environment->compileSource()\n#10 \/var\/www\/html\/collab\/vendor\/twig\/twig\/src\/Template.php(299): Twig\\Environment->loadTemplate()\n#11 \/var\/www\/html\/collab\/vendor\/twig\/twig\/src\/Environment.php(421) : eval()'d code(47): Twig\\Template->loadTemplate()\n#12 \/var\/www\/html\/collab\/vendor\/twig\/twig\/src\/Template.php(388): __TwigTemplate_19718267493e0fe368a030540923fb42->doDisplay()\n#13 \/var\/www\/html\/collab\/vendor\/twig\/twig\/src\/Template.php(344): Twig\\Template->yield()\n#14 \/var\/www\/html\/collab\/vendor\/twig\/twig\/src\/Template.php(359): Twig\\Template->display()\n#15 \/var\/www\/html\/collab\/vendor\/twig\/twig\/src\/TemplateWrapper.php(51): Twig\\Template->render()\n#16 \/var\/www\/html\/collab\/vendor\/twig\/twig\/src\/Environment.php(334): Twig\\TemplateWrapper->render()\n#17 \/var\/www\/html\/collab\/app\/Core\/Controller.php(28): Twig\\Environment->render()\n#18 \/var\/www\/html\/collab\/app\/Controllers\/DashboardController.php(21): App\\Core\\Controller->render()\n#19 \/var\/www\/html\/collab\/app\/Core\/Router.php(84): App\\Controllers\\DashboardController->dashboard()\n#20 \/var\/www\/html\/collab\/public\/index.php(31): App\\Core\\Router->dispatch()\n#21 {main}"}
[2025-02-11 18:28:23] [ERROR] Unexpected operator of value "=". Did you try to use "===" or "!==" for strict comparison? Use "is same as(value)" instead. {"file":"\/var\/www\/html\/collab\/app\/views\/Layouts\/base.twig","line":89,"trace":"#0 \/var\/www\/html\/collab\/vendor\/twig\/twig\/src\/ExpressionParser.php(265): Twig\\ExpressionParser->parsePrimaryExpression()\n#1 \/var\/www\/html\/collab\/vendor\/twig\/twig\/src\/ExpressionParser.php(102): Twig\\ExpressionParser->getPrimary()\n#2 \/var\/www\/html\/collab\/vendor\/twig\/twig\/src\/ExpressionParser.php(117): Twig\\ExpressionParser->parseExpression()\n#3 \/var\/www\/html\/collab\/vendor\/twig\/twig\/src\/ExpressionParser.php(117): Twig\\ExpressionParser->parseExpression()\n#4 \/var\/www\/html\/collab\/vendor\/twig\/twig\/src\/TokenParser\/IfTokenParser.php(39): Twig\\ExpressionParser->parseExpression()\n#5 \/var\/www\/html\/collab\/vendor\/twig\/twig\/src\/Parser.php(202): Twig\\TokenParser\\IfTokenParser->parse()\n#6 \/var\/www\/html\/collab\/vendor\/twig\/twig\/src\/Parser.php(95): Twig\\Parser->subparse()\n#7 \/var\/www\/html\/collab\/vendor\/twig\/twig\/src\/Environment.php(559): Twig\\Parser->parse()\n#8 \/var\/www\/html\/collab\/vendor\/twig\/twig\/src\/Environment.php(590): Twig\\Environment->parse()\n#9 \/var\/www\/html\/collab\/vendor\/twig\/twig\/src\/Environment.php(409): Twig\\Environment->compileSource()\n#10 \/var\/www\/html\/collab\/vendor\/twig\/twig\/src\/Template.php(299): Twig\\Environment->loadTemplate()\n#11 \/var\/www\/html\/collab\/vendor\/twig\/twig\/src\/Environment.php(421) : eval()'d code(47): Twig\\Template->loadTemplate()\n#12 \/var\/www\/html\/collab\/vendor\/twig\/twig\/src\/Template.php(388): __TwigTemplate_19718267493e0fe368a030540923fb42->doDisplay()\n#13 \/var\/www\/html\/collab\/vendor\/twig\/twig\/src\/Template.php(344): Twig\\Template->yield()\n#14 \/var\/www\/html\/collab\/vendor\/twig\/twig\/src\/Template.php(359): Twig\\Template->display()\n#15 \/var\/www\/html\/collab\/vendor\/twig\/twig\/src\/TemplateWrapper.php(51): Twig\\Template->render()\n#16 \/var\/www\/html\/collab\/vendor\/twig\/twig\/src\/Environment.php(334): Twig\\TemplateWrapper->render()\n#17 \/var\/www\/html\/collab\/app\/Core\/Controller.php(28): Twig\\Environment->render()\n#18 \/var\/www\/html\/collab\/app\/Controllers\/DashboardController.php(21): App\\Core\\Controller->render()\n#19 \/var\/www\/html\/collab\/app\/Core\/Router.php(84): App\\Controllers\\DashboardController->dashboard()\n#20 \/var\/www\/html\/collab\/public\/index.php(31): App\\Core\\Router->dispatch()\n#21 {main}"}
[2025-02-11 18:28:23] [ERROR] Unexpected operator of value "=". Did you try to use "===" or "!==" for strict comparison? Use "is same as(value)" instead. {"file":"\/var\/www\/html\/collab\/app\/views\/Layouts\/base.twig","line":89,"trace":"#0 \/var\/www\/html\/collab\/vendor\/twig\/twig\/src\/ExpressionParser.php(265): Twig\\ExpressionParser->parsePrimaryExpression()\n#1 \/var\/www\/html\/collab\/vendor\/twig\/twig\/src\/ExpressionParser.php(102): Twig\\ExpressionParser->getPrimary()\n#2 \/var\/www\/html\/collab\/vendor\/twig\/twig\/src\/ExpressionParser.php(117): Twig\\ExpressionParser->parseExpression()\n#3 \/var\/www\/html\/collab\/vendor\/twig\/twig\/src\/ExpressionParser.php(117): Twig\\ExpressionParser->parseExpression()\n#4 \/var\/www\/html\/collab\/vendor\/twig\/twig\/src\/TokenParser\/IfTokenParser.php(39): Twig\\ExpressionParser->parseExpression()\n#5 \/var\/www\/html\/collab\/vendor\/twig\/twig\/src\/Parser.php(202): Twig\\TokenParser\\IfTokenParser->parse()\n#6 \/var\/www\/html\/collab\/vendor\/twig\/twig\/src\/Parser.php(95): Twig\\Parser->subparse()\n#7 \/var\/www\/html\/collab\/vendor\/twig\/twig\/src\/Environment.php(559): Twig\\Parser->parse()\n#8 \/var\/www\/html\/collab\/vendor\/twig\/twig\/src\/Environment.php(590): Twig\\Environment->parse()\n#9 \/var\/www\/html\/collab\/vendor\/twig\/twig\/src\/Environment.php(409): Twig\\Environment->compileSource()\n#10 \/var\/www\/html\/collab\/vendor\/twig\/twig\/src\/Template.php(299): Twig\\Environment->loadTemplate()\n#11 \/var\/www\/html\/collab\/vendor\/twig\/twig\/src\/Environment.php(421) : eval()'d code(47): Twig\\Template->loadTemplate()\n#12 \/var\/www\/html\/collab\/vendor\/twig\/twig\/src\/Template.php(388): __TwigTemplate_19718267493e0fe368a030540923fb42->doDisplay()\n#13 \/var\/www\/html\/collab\/vendor\/twig\/twig\/src\/Template.php(344): Twig\\Template->yield()\n#14 \/var\/www\/html\/collab\/vendor\/twig\/twig\/src\/Template.php(359): Twig\\Template->display()\n#15 \/var\/www\/html\/collab\/vendor\/twig\/twig\/src\/TemplateWrapper.php(51): Twig\\Template->render()\n#16 \/var\/www\/html\/collab\/vendor\/twig\/twig\/src\/Environment.php(334): Twig\\TemplateWrapper->render()\n#17 \/var\/www\/html\/collab\/app\/Core\/Controller.php(28): Twig\\Environment->render()\n#18 \/var\/www\/html\/collab\/app\/Controllers\/DashboardController.php(21): App\\Core\\Controller->render()\n#19 \/var\/www\/html\/collab\/app\/Core\/Router.php(84): App\\Controllers\\DashboardController->dashboard()\n#20 \/var\/www\/html\/collab\/public\/index.php(31): App\\Core\\Router->dispatch()\n#21 {main}"}
[2025-02-11 18:28:23] [ERROR] Unexpected operator of value "=". Did you try to use "===" or "!==" for strict comparison? Use "is same as(value)" instead. {"file":"\/var\/www\/html\/collab\/app\/views\/Layouts\/base.twig","line":89,"trace":"#0 \/var\/www\/html\/collab\/vendor\/twig\/twig\/src\/ExpressionParser.php(265): Twig\\ExpressionParser->parsePrimaryExpression()\n#1 \/var\/www\/html\/collab\/vendor\/twig\/twig\/src\/ExpressionParser.php(102): Twig\\ExpressionParser->getPrimary()\n#2 \/var\/www\/html\/collab\/vendor\/twig\/twig\/src\/ExpressionParser.php(117): Twig\\ExpressionParser->parseExpression()\n#3 \/var\/www\/html\/collab\/vendor\/twig\/twig\/src\/ExpressionParser.php(117): Twig\\ExpressionParser->parseExpression()\n#4 \/var\/www\/html\/collab\/vendor\/twig\/twig\/src\/TokenParser\/IfTokenParser.php(39): Twig\\ExpressionParser->parseExpression()\n#5 \/var\/www\/html\/collab\/vendor\/twig\/twig\/src\/Parser.php(202): Twig\\TokenParser\\IfTokenParser->parse()\n#6 \/var\/www\/html\/collab\/vendor\/twig\/twig\/src\/Parser.php(95): Twig\\Parser->subparse()\n#7 \/var\/www\/html\/collab\/vendor\/twig\/twig\/src\/Environment.php(559): Twig\\Parser->parse()\n#8 \/var\/www\/html\/collab\/vendor\/twig\/twig\/src\/Environment.php(590): Twig\\Environment->parse()\n#9 \/var\/www\/html\/collab\/vendor\/twig\/twig\/src\/Environment.php(409): Twig\\Environment->compileSource()\n#10 \/var\/www\/html\/collab\/vendor\/twig\/twig\/src\/Template.php(299): Twig\\Environment->loadTemplate()\n#11 \/var\/www\/html\/collab\/vendor\/twig\/twig\/src\/Environment.php(421) : eval()'d code(47): Twig\\Template->loadTemplate()\n#12 \/var\/www\/html\/collab\/vendor\/twig\/twig\/src\/Template.php(388): __TwigTemplate_19718267493e0fe368a030540923fb42->doDisplay()\n#13 \/var\/www\/html\/collab\/vendor\/twig\/twig\/src\/Template.php(344): Twig\\Template->yield()\n#14 \/var\/www\/html\/collab\/vendor\/twig\/twig\/src\/Template.php(359): Twig\\Template->display()\n#15 \/var\/www\/html\/collab\/vendor\/twig\/twig\/src\/TemplateWrapper.php(51): Twig\\Template->render()\n#16 \/var\/www\/html\/collab\/vendor\/twig\/twig\/src\/Environment.php(334): Twig\\TemplateWrapper->render()\n#17 \/var\/www\/html\/collab\/app\/Core\/Controller.php(28): Twig\\Environment->render()\n#18 \/var\/www\/html\/collab\/app\/Controllers\/DashboardController.php(21): App\\Core\\Controller->render()\n#19 \/var\/www\/html\/collab\/app\/Core\/Router.php(84): App\\Controllers\\DashboardController->dashboard()\n#20 \/var\/www\/html\/collab\/public\/index.php(31): App\\Core\\Router->dispatch()\n#21 {main}"}
[2025-02-11 18:28:24] [ERROR] Unexpected operator of value "=". Did you try to use "===" or "!==" for strict comparison? Use "is same as(value)" instead. {"file":"\/var\/www\/html\/collab\/app\/views\/Layouts\/base.twig","line":89,"trace":"#0 \/var\/www\/html\/collab\/vendor\/twig\/twig\/src\/ExpressionParser.php(265): Twig\\ExpressionParser->parsePrimaryExpression()\n#1 \/var\/www\/html\/collab\/vendor\/twig\/twig\/src\/ExpressionParser.php(102): Twig\\ExpressionParser->getPrimary()\n#2 \/var\/www\/html\/collab\/vendor\/twig\/twig\/src\/ExpressionParser.php(117): Twig\\ExpressionParser->parseExpression()\n#3 \/var\/www\/html\/collab\/vendor\/twig\/twig\/src\/ExpressionParser.php(117): Twig\\ExpressionParser->parseExpression()\n#4 \/var\/www\/html\/collab\/vendor\/twig\/twig\/src\/TokenParser\/IfTokenParser.php(39): Twig\\ExpressionParser->parseExpression()\n#5 \/var\/www\/html\/collab\/vendor\/twig\/twig\/src\/Parser.php(202): Twig\\TokenParser\\IfTokenParser->parse()\n#6 \/var\/www\/html\/collab\/vendor\/twig\/twig\/src\/Parser.php(95): Twig\\Parser->subparse()\n#7 \/var\/www\/html\/collab\/vendor\/twig\/twig\/src\/Environment.php(559): Twig\\Parser->parse()\n#8 \/var\/www\/html\/collab\/vendor\/twig\/twig\/src\/Environment.php(590): Twig\\Environment->parse()\n#9 \/var\/www\/html\/collab\/vendor\/twig\/twig\/src\/Environment.php(409): Twig\\Environment->compileSource()\n#10 \/var\/www\/html\/collab\/vendor\/twig\/twig\/src\/Template.php(299): Twig\\Environment->loadTemplate()\n#11 \/var\/www\/html\/collab\/vendor\/twig\/twig\/src\/Environment.php(421) : eval()'d code(47): Twig\\Template->loadTemplate()\n#12 \/var\/www\/html\/collab\/vendor\/twig\/twig\/src\/Template.php(388): __TwigTemplate_19718267493e0fe368a030540923fb42->doDisplay()\n#13 \/var\/www\/html\/collab\/vendor\/twig\/twig\/src\/Template.php(344): Twig\\Template->yield()\n#14 \/var\/www\/html\/collab\/vendor\/twig\/twig\/src\/Template.php(359): Twig\\Template->display()\n#15 \/var\/www\/html\/collab\/vendor\/twig\/twig\/src\/TemplateWrapper.php(51): Twig\\Template->render()\n#16 \/var\/www\/html\/collab\/vendor\/twig\/twig\/src\/Environment.php(334): Twig\\TemplateWrapper->render()\n#17 \/var\/www\/html\/collab\/app\/Core\/Controller.php(28): Twig\\Environment->render()\n#18 \/var\/www\/html\/collab\/app\/Controllers\/DashboardController.php(21): App\\Core\\Controller->render()\n#19 \/var\/www\/html\/collab\/app\/Core\/Router.php(84): App\\Controllers\\DashboardController->dashboard()\n#20 \/var\/www\/html\/collab\/public\/index.php(31): App\\Core\\Router->dispatch()\n#21 {main}"}
[2025-02-11 18:28:24] [ERROR] Unexpected operator of value "=". Did you try to use "===" or "!==" for strict comparison? Use "is same as(value)" instead. {"file":"\/var\/www\/html\/collab\/app\/views\/Layouts\/base.twig","line":89,"trace":"#0 \/var\/www\/html\/collab\/vendor\/twig\/twig\/src\/ExpressionParser.php(265): Twig\\ExpressionParser->parsePrimaryExpression()\n#1 \/var\/www\/html\/collab\/vendor\/twig\/twig\/src\/ExpressionParser.php(102): Twig\\ExpressionParser->getPrimary()\n#2 \/var\/www\/html\/collab\/vendor\/twig\/twig\/src\/ExpressionParser.php(117): Twig\\ExpressionParser->parseExpression()\n#3 \/var\/www\/html\/collab\/vendor\/twig\/twig\/src\/ExpressionParser.php(117): Twig\\ExpressionParser->parseExpression()\n#4 \/var\/www\/html\/collab\/vendor\/twig\/twig\/src\/TokenParser\/IfTokenParser.php(39): Twig\\ExpressionParser->parseExpression()\n#5 \/var\/www\/html\/collab\/vendor\/twig\/twig\/src\/Parser.php(202): Twig\\TokenParser\\IfTokenParser->parse()\n#6 \/var\/www\/html\/collab\/vendor\/twig\/twig\/src\/Parser.php(95): Twig\\Parser->subparse()\n#7 \/var\/www\/html\/collab\/vendor\/twig\/twig\/src\/Environment.php(559): Twig\\Parser->parse()\n#8 \/var\/www\/html\/collab\/vendor\/twig\/twig\/src\/Environment.php(590): Twig\\Environment->parse()\n#9 \/var\/www\/html\/collab\/vendor\/twig\/twig\/src\/Environment.php(409): Twig\\Environment->compileSource()\n#10 \/var\/www\/html\/collab\/vendor\/twig\/twig\/src\/Template.php(299): Twig\\Environment->loadTemplate()\n#11 \/var\/www\/html\/collab\/vendor\/twig\/twig\/src\/Environment.php(421) : eval()'d code(47): Twig\\Template->loadTemplate()\n#12 \/var\/www\/html\/collab\/vendor\/twig\/twig\/src\/Template.php(388): __TwigTemplate_19718267493e0fe368a030540923fb42->doDisplay()\n#13 \/var\/www\/html\/collab\/vendor\/twig\/twig\/src\/Template.php(344): Twig\\Template->yield()\n#14 \/var\/www\/html\/collab\/vendor\/twig\/twig\/src\/Template.php(359): Twig\\Template->display()\n#15 \/var\/www\/html\/collab\/vendor\/twig\/twig\/src\/TemplateWrapper.php(51): Twig\\Template->render()\n#16 \/var\/www\/html\/collab\/vendor\/twig\/twig\/src\/Environment.php(334): Twig\\TemplateWrapper->render()\n#17 \/var\/www\/html\/collab\/app\/Core\/Controller.php(28): Twig\\Environment->render()\n#18 \/var\/www\/html\/collab\/app\/Controllers\/DashboardController.php(21): App\\Core\\Controller->render()\n#19 \/var\/www\/html\/collab\/app\/Core\/Router.php(84): App\\Controllers\\DashboardController->dashboard()\n#20 \/var\/www\/html\/collab\/public\/index.php(31): App\\Core\\Router->dispatch()\n#21 {main}"}
[2025-02-11 18:37:45] [ERROR] Route not found {"file":"\/var\/www\/html\/collab\/app\/Core\/Router.php","line":88,"trace":"#0 \/var\/www\/html\/collab\/public\/index.php(31): App\\Core\\Router->dispatch()\n#1 {main}"}
[2025-02-11 23:09:13] [ERROR] Unexpected token "operator" of value "%". {"file":"\/var\/www\/html\/collab\/app\/views\/Admin\/index.twig","line":12,"trace":"#0 \/var\/www\/html\/collab\/vendor\/twig\/twig\/src\/ExpressionParser.php(265): Twig\\ExpressionParser->parsePrimaryExpression()\n#1 \/var\/www\/html\/collab\/vendor\/twig\/twig\/src\/ExpressionParser.php(102): Twig\\ExpressionParser->getPrimary()\n#2 \/var\/www\/html\/collab\/vendor\/twig\/twig\/src\/Parser.php(158): Twig\\ExpressionParser->parseExpression()\n#3 \/var\/www\/html\/collab\/vendor\/twig\/twig\/src\/TokenParser\/BlockTokenParser.php(46): Twig\\Parser->subparse()\n#4 \/var\/www\/html\/collab\/vendor\/twig\/twig\/src\/Parser.php(202): Twig\\TokenParser\\BlockTokenParser->parse()\n#5 \/var\/www\/html\/collab\/vendor\/twig\/twig\/src\/Parser.php(95): Twig\\Parser->subparse()\n#6 \/var\/www\/html\/collab\/vendor\/twig\/twig\/src\/Environment.php(559): Twig\\Parser->parse()\n#7 \/var\/www\/html\/collab\/vendor\/twig\/twig\/src\/Environment.php(590): Twig\\Environment->parse()\n#8 \/var\/www\/html\/collab\/vendor\/twig\/twig\/src\/Environment.php(409): Twig\\Environment->compileSource()\n#9 \/var\/www\/html\/collab\/vendor\/twig\/twig\/src\/Environment.php(371): Twig\\Environment->loadTemplate()\n#10 \/var\/www\/html\/collab\/vendor\/twig\/twig\/src\/Environment.php(334): Twig\\Environment->load()\n#11 \/var\/www\/html\/collab\/app\/Core\/Controller.php(28): Twig\\Environment->render()\n#12 \/var\/www\/html\/collab\/app\/Controllers\/DashboardController.php(21): App\\Core\\Controller->render()\n#13 \/var\/www\/html\/collab\/app\/Core\/Router.php(84): App\\Controllers\\DashboardController->dashboard()\n#14 \/var\/www\/html\/collab\/public\/index.php(31): App\\Core\\Router->dispatch()\n#15 {main}"}
[2025-02-11 23:09:30] [ERROR] Unexpected token "operator" of value "%". {"file":"\/var\/www\/html\/collab\/app\/views\/Admin\/index.twig","line":12,"trace":"#0 \/var\/www\/html\/collab\/vendor\/twig\/twig\/src\/ExpressionParser.php(265): Twig\\ExpressionParser->parsePrimaryExpression()\n#1 \/var\/www\/html\/collab\/vendor\/twig\/twig\/src\/ExpressionParser.php(102): Twig\\ExpressionParser->getPrimary()\n#2 \/var\/www\/html\/collab\/vendor\/twig\/twig\/src\/Parser.php(158): Twig\\ExpressionParser->parseExpression()\n#3 \/var\/www\/html\/collab\/vendor\/twig\/twig\/src\/TokenParser\/BlockTokenParser.php(46): Twig\\Parser->subparse()\n#4 \/var\/www\/html\/collab\/vendor\/twig\/twig\/src\/Parser.php(202): Twig\\TokenParser\\BlockTokenParser->parse()\n#5 \/var\/www\/html\/collab\/vendor\/twig\/twig\/src\/Parser.php(95): Twig\\Parser->subparse()\n#6 \/var\/www\/html\/collab\/vendor\/twig\/twig\/src\/Environment.php(559): Twig\\Parser->parse()\n#7 \/var\/www\/html\/collab\/vendor\/twig\/twig\/src\/Environment.php(590): Twig\\Environment->parse()\n#8 \/var\/www\/html\/collab\/vendor\/twig\/twig\/src\/Environment.php(409): Twig\\Environment->compileSource()\n#9 \/var\/www\/html\/collab\/vendor\/twig\/twig\/src\/Environment.php(371): Twig\\Environment->loadTemplate()\n#10 \/var\/www\/html\/collab\/vendor\/twig\/twig\/src\/Environment.php(334): Twig\\Environment->load()\n#11 \/var\/www\/html\/collab\/app\/Core\/Controller.php(28): Twig\\Environment->render()\n#12 \/var\/www\/html\/collab\/app\/Controllers\/DashboardController.php(21): App\\Core\\Controller->render()\n#13 \/var\/www\/html\/collab\/app\/Core\/Router.php(84): App\\Controllers\\DashboardController->dashboard()\n#14 \/var\/www\/html\/collab\/public\/index.php(31): App\\Core\\Router->dispatch()\n#15 {main}"}
>>>>>>> origin/setup
